Using pre-set license
Built from '2021.3/staging' branch; Version is '2021.3.19f1 (c9714fde33b6) revision 13201743'; Using compiler version '192829333'; Build Type 'Release'
OS: 'Windows 10  (10.0.19045) 64bit Professional' Language: 'en' Physical Memory: 65337 MB
BatchMode: 1, IsHumanControllingUs: 0, StartBugReporterOnCrash: 0, Is64bit: 1, IsPro: 1

COMMAND LINE ARGUMENTS:
C:\Program Files\Unity\Hub\Editor\2021.3.19f1\Editor\Unity.exe
-adb2
-batchMode
-noUpm
-name
AssetImportWorker0
-projectPath
C:/Users/Zouzh/Desktop/2023-BrisHack/2023-BrisHack/Hack
-logFile
Logs/AssetImportWorker0.log
-srvPort
62269
Successfully changed project path to: C:/Users/Zouzh/Desktop/2023-BrisHack/2023-BrisHack/Hack
C:/Users/Zouzh/Desktop/2023-BrisHack/2023-BrisHack/Hack
[UnityMemory] Configuration Parameters - Can be set up in boot.config
    "memorysetup-bucket-allocator-granularity=16"
    "memorysetup-bucket-allocator-bucket-count=8"
    "memorysetup-bucket-allocator-block-size=33554432"
    "memorysetup-bucket-allocator-block-count=8"
    "memorysetup-main-allocator-block-size=16777216"
    "memorysetup-thread-allocator-block-size=16777216"
    "memorysetup-gfx-main-allocator-block-size=16777216"
    "memorysetup-gfx-thread-allocator-block-size=16777216"
    "memorysetup-cache-allocator-block-size=4194304"
    "memorysetup-typetree-allocator-block-size=2097152"
    "memorysetup-profiler-bucket-allocator-granularity=16"
    "memorysetup-profiler-bucket-allocator-bucket-count=8"
    "memorysetup-profiler-bucket-allocator-block-size=33554432"
    "memorysetup-profiler-bucket-allocator-block-count=8"
    "memorysetup-profiler-allocator-block-size=16777216"
    "memorysetup-profiler-editor-allocator-block-size=1048576"
    "memorysetup-temp-allocator-size-main=16777216"
    "memorysetup-job-temp-allocator-block-size=2097152"
    "memorysetup-job-temp-allocator-block-size-background=1048576"
    "memorysetup-job-temp-allocator-reduction-small-platforms=262144"
    "memorysetup-temp-allocator-size-background-worker=32768"
    "memorysetup-temp-allocator-size-job-worker=262144"
    "memorysetup-temp-allocator-size-preload-manager=33554432"
    "memorysetup-temp-allocator-size-nav-mesh-worker=65536"
    "memorysetup-temp-allocator-size-audio-worker=65536"
    "memorysetup-temp-allocator-size-cloud-worker=32768"
    "memorysetup-temp-allocator-size-gi-baking-worker=262144"
    "memorysetup-temp-allocator-size-gfx=262144"
Player connection [27816] Host "[IP] 192.168.56.1 [Port] 0 [Flags] 2 [Guid] 2194093117 [EditorId] 2194093117 [Version] 1048832 [Id] WindowsEditor(7,DESKTOP-5G57NGQ) [Debug] 1 [PackageName] WindowsEditor [ProjectName] Editor" joined multi-casting on [225.0.0.222:54997]...

Player connection [27816] Host "[IP] 192.168.56.1 [Port] 0 [Flags] 2 [Guid] 2194093117 [EditorId] 2194093117 [Version] 1048832 [Id] WindowsEditor(7,DESKTOP-5G57NGQ) [Debug] 1 [PackageName] WindowsEditor [ProjectName] Editor" joined alternative multi-casting on [225.0.0.222:34997]...

Refreshing native plugins compatible for Editor in 70.04 ms, found 3 plugins.
Preloading 0 native plugins for Editor in 0.00 ms.
Initialize engine version: 2021.3.19f1 (c9714fde33b6)
[Subsystems] Discovering subsystems at path C:/Program Files/Unity/Hub/Editor/2021.3.19f1/Editor/Data/Resources/UnitySubsystems
[Subsystems] Discovering subsystems at path C:/Users/Zouzh/Desktop/2023-BrisHack/2023-BrisHack/Hack/Assets
GfxDevice: creating device client; threaded=0; jobified=0
Direct3D:
    Version:  Direct3D 11.0 [level 11.1]
    Renderer: NVIDIA GeForce RTX 2080 (ID=0x1ed0)
    Vendor:   NVIDIA
    VRAM:     8002 MB
    Driver:   31.0.15.2849
Initialize mono
Mono path[0] = 'C:/Program Files/Unity/Hub/Editor/2021.3.19f1/Editor/Data/Managed'
Mono path[1] = 'C:/Program Files/Unity/Hub/Editor/2021.3.19f1/Editor/Data/MonoBleedingEdge/lib/mono/unityjit-win32'
Mono config path = 'C:/Program Files/Unity/Hub/Editor/2021.3.19f1/Editor/Data/MonoBleedingEdge/etc'
Using monoOptions --debugger-agent=transport=dt_socket,embedding=1,server=y,suspend=n,address=127.0.0.1:56444
Begin MonoManager ReloadAssembly
Registering precompiled unity dll's ...
Register platform support module: C:/Program Files/Unity/Hub/Editor/2021.3.19f1/Editor/Data/PlaybackEngines/AndroidPlayer/UnityEditor.Android.Extensions.dll
Register platform support module: C:/Program Files/Unity/Hub/Editor/2021.3.19f1/Editor/Data/PlaybackEngines/WindowsStandaloneSupport/UnityEditor.WindowsStandalone.Extensions.dll
Registered in 0.007130 seconds.
Native extension for WindowsStandalone target not found
Native extension for Android target not found
Android Extension - Scanning For ADB Devices 254 ms
Refreshing native plugins compatible for Editor in 75.88 ms, found 3 plugins.
Preloading 0 native plugins for Editor in 0.00 ms.
Mono: successfully reloaded assembly
- Completed reload, in  0.839 seconds
Domain Reload Profiling:
	ReloadAssembly (840ms)
		BeginReloadAssembly (66ms)
			ExecutionOrderSort (0ms)
			DisableScriptedObjects (0ms)
			BackupInstance (0ms)
			ReleaseScriptingObjects (0ms)
			CreateAndSetChildDomain (1ms)
		EndReloadAssembly (678ms)
			LoadAssemblies (65ms)
			RebuildTransferFunctionScriptingTraits (0ms)
			SetupTypeCache (95ms)
			ReleaseScriptCaches (0ms)
			RebuildScriptCaches (25ms)
			SetupLoadedEditorAssemblies (515ms)
				LogAssemblyErrors (0ms)
				InitializePlatformSupportModulesInManaged (321ms)
				SetLoadedEditorAssemblies (0ms)
				RefreshPlugins (76ms)
				BeforeProcessingInitializeOnLoad (1ms)
				ProcessInitializeOnLoadAttributes (79ms)
				ProcessInitializeOnLoadMethodAttributes (37ms)
				AfterProcessingInitializeOnLoad (0ms)
				EditorAssembliesLoaded (0ms)
			ExecutionOrderSort2 (0ms)
			AwakeInstancesAfterBackupRestoration (0ms)
Platform modules already initialized, skipping
Registering precompiled user dll's ...
Registered in 0.005044 seconds.
Begin MonoManager ReloadAssembly
Symbol file LoadedFromMemory doesn't match image C:\Users\Zouzh\Desktop\2023-BrisHack\2023-BrisHack\Hack\Library\PackageCache\com.unity.visualscripting@1.8.0\Editor\VisualScripting.Core\Dependencies\YamlDotNet\Unity.VisualScripting.YamlDotNet.dll
Symbol file LoadedFromMemory doesn't match image C:\Users\Zouzh\Desktop\2023-BrisHack\2023-BrisHack\Hack\Library\PackageCache\com.unity.visualscripting@1.8.0\Editor\VisualScripting.Core\Dependencies\DotNetZip\Unity.VisualScripting.IonicZip.dll
Native extension for WindowsStandalone target not found
Native extension for Android target not found
Refreshing native plugins compatible for Editor in 0.53 ms, found 3 plugins.
Preloading 0 native plugins for Editor in 0.00 ms.
Mono: successfully reloaded assembly
- Completed reload, in  0.879 seconds
Domain Reload Profiling:
	ReloadAssembly (880ms)
		BeginReloadAssembly (103ms)
			ExecutionOrderSort (0ms)
			DisableScriptedObjects (5ms)
			BackupInstance (0ms)
			ReleaseScriptingObjects (0ms)
			CreateAndSetChildDomain (18ms)
		EndReloadAssembly (672ms)
			LoadAssemblies (73ms)
			RebuildTransferFunctionScriptingTraits (0ms)
			SetupTypeCache (228ms)
			ReleaseScriptCaches (1ms)
			RebuildScriptCaches (44ms)
			SetupLoadedEditorAssemblies (286ms)
				LogAssemblyErrors (0ms)
				InitializePlatformSupportModulesInManaged (16ms)
				SetLoadedEditorAssemblies (0ms)
				RefreshPlugins (1ms)
				BeforeProcessingInitializeOnLoad (74ms)
				ProcessInitializeOnLoadAttributes (171ms)
				ProcessInitializeOnLoadMethodAttributes (16ms)
				AfterProcessingInitializeOnLoad (8ms)
				EditorAssembliesLoaded (0ms)
			ExecutionOrderSort2 (0ms)
			AwakeInstancesAfterBackupRestoration (5ms)
Platform modules already initialized, skipping
========================================================================
Worker process is ready to serve import requests
Launched and connected shader compiler UnityShaderCompiler.exe after 0.04 seconds
Refreshing native plugins compatible for Editor in 0.45 ms, found 3 plugins.
Preloading 0 native plugins for Editor in 0.00 ms.
Unloading 3061 Unused Serialized files (Serialized files now loaded: 0)
Unloading 24 unused Assets / (115.2 KB). Loaded Objects now: 3538.
Memory consumption went from 176.6 MB to 176.5 MB.
Total: 2.737500 ms (FindLiveObjects: 0.246100 ms CreateObjectMapping: 0.174400 ms MarkObjects: 2.214500 ms  DeleteObjects: 0.101400 ms)

AssetImportParameters requested are different than current active one (requested -> active):
  custom:video-decoder-ogg-theora: a1e56fd34408186e4bbccfd4996cb3dc -> 
  custom:container-muxer-webm: aa71ff27fc2769a1b78a27578f13a17b -> 
  custom:container-demuxer-webm: 4f35f7cbe854078d1ac9338744f61a02 -> 
  custom:video-encoder-webm-vp8: eb34c28f22e8b96e1ab97ce403110664 -> 
  custom:video-codec-MediaFoundation-h265: 746d11721c4dcdbdad8f713fa42b33f4 -> 
  custom:audio-encoder-webm-vorbis: bf7c407c2cedff20999df2af8eb42d56 -> 
  custom:framework-win-MediaFoundation: 216162199b28c13a410421893ffa2e32 -> 
  custom:container-demuxer-ogg: 62fdf1f143b41e24485cea50d1cbac27 -> 
  custom:video-decoder-webm-vp8: 9c59270c3fd7afecdb556c50c9e8de78 -> 
  custom:audio-decoder-ogg-vorbis: bf7c407c2cedff20999df2af8eb42d56 -> 
========================================================================
Received Import Request.
  Time since last request: 17114.861007 seconds.
  path: Assets/Baker House/Scene.unity
  artifactKey: Guid(24ac0c904ed764246a7a97d020a563e0) Importer(815301076,1909f56bfc062723c751e8b465ee728b)
Start importing Assets/Baker House/Scene.unity using Guid(24ac0c904ed764246a7a97d020a563e0) Importer(815301076,1909f56bfc062723c751e8b465ee728b)  -> (artifact id: '4a9f4c061f7eb827f67874f0569be7f2') in 0.011481 seconds 
========================================================================
Received Import Request.
  Time since last request: 14.171928 seconds.
  path: Assets/Baker House/Materials/Baker_house.mat
  artifactKey: Guid(c79030977bbf33e4397f1417b86e5789) Importer(815301076,1909f56bfc062723c751e8b465ee728b)
Start importing Assets/Baker House/Materials/Baker_house.mat using Guid(c79030977bbf33e4397f1417b86e5789) Importer(815301076,1909f56bfc062723c751e8b465ee728b)  -> (artifact id: '394f91c3d22c25f564a74ec8c926bffd') in 0.169154 seconds 
========================================================================
Received Import Request.
  Time since last request: 0.587319 seconds.
  path: Assets/Baker House/Models/Baker_house.FBX
  artifactKey: Guid(e36cf732b73e87f458b5e69d2c1f6417) Importer(815301076,1909f56bfc062723c751e8b465ee728b)
Start importing Assets/Baker House/Models/Baker_house.FBX using Guid(e36cf732b73e87f458b5e69d2c1f6417) Importer(815301076,1909f56bfc062723c751e8b465ee728b)  -> (artifact id: '4015d863f75762e46033361460a3ca98') in 0.109392 seconds 
========================================================================
Received Import Request.
  Time since last request: 0.939324 seconds.
  path: Assets/Baker House/Prefabs/Baker_house.prefab
  artifactKey: Guid(1bbb91c8d96cb2446a07151ce95d1f0f) Importer(815301076,1909f56bfc062723c751e8b465ee728b)
Start importing Assets/Baker House/Prefabs/Baker_house.prefab using Guid(1bbb91c8d96cb2446a07151ce95d1f0f) Importer(815301076,1909f56bfc062723c751e8b465ee728b)  -> (artifact id: '519a722e1645ab3c8ed3fe4977aac5da') in 0.012944 seconds 
========================================================================
Received Import Request.
  Time since last request: 0.550157 seconds.
  path: Assets/Baker House/Textures/Baker_house.tif
  artifactKey: Guid(87eda9aa615f5e246ba04794b538dc0b) Importer(815301076,1909f56bfc062723c751e8b465ee728b)
Start importing Assets/Baker House/Textures/Baker_house.tif using Guid(87eda9aa615f5e246ba04794b538dc0b) Importer(815301076,1909f56bfc062723c751e8b465ee728b)  -> (artifact id: 'e915ff1a6502a5f09657b6d7d9f9d0a1') in 0.016607 seconds 
========================================================================
Received Import Request.
  Time since last request: 25.663018 seconds.
  path: Assets/Scenes/Environment.unity
  artifactKey: Guid(9fc0d4010bbf28b4594072e72b8655ab) Importer(815301076,1909f56bfc062723c751e8b465ee728b)
Start importing Assets/Scenes/Environment.unity using Guid(9fc0d4010bbf28b4594072e72b8655ab) Importer(815301076,1909f56bfc062723c751e8b465ee728b)  -> (artifact id: '494cae4c8e6e9cd331fffa0f574a7bcf') in 0.004855 seconds 
========================================================================
Received Import Request.
  Time since last request: 0.608472 seconds.
  path: Assets/Scenes/SampleScene.unity
  artifactKey: Guid(b0bba7f00c7194562b5daaa60207a37f) Importer(815301076,1909f56bfc062723c751e8b465ee728b)
Start importing Assets/Scenes/SampleScene.unity using Guid(b0bba7f00c7194562b5daaa60207a37f) Importer(815301076,1909f56bfc062723c751e8b465ee728b)  -> (artifact id: 'f631a33c021937b6041becd308a09011') in 0.004964 seconds 
========================================================================
Received Import Request.
  Time since last request: 61.607770 seconds.
  path: Assets/Scenes/SampleScene.unity
  artifactKey: Guid(b0bba7f00c7194562b5daaa60207a37f) Importer(815301076,1909f56bfc062723c751e8b465ee728b)
Start importing Assets/Scenes/SampleScene.unity using Guid(b0bba7f00c7194562b5daaa60207a37f) Importer(815301076,1909f56bfc062723c751e8b465ee728b)  -> (artifact id: '1ad0970a6b4e35c1fe59d3a17ab8d5d0') in 0.001937 seconds 
========================================================================
Received Import Request.
  Time since last request: 20.390365 seconds.
  path: Assets/Well/Demo/New Terrain.asset
  artifactKey: Guid(9074724134e1dd94b9267fd82f83dce6) Importer(815301076,1909f56bfc062723c751e8b465ee728b)
Start importing Assets/Well/Demo/New Terrain.asset using Guid(9074724134e1dd94b9267fd82f83dce6) Importer(815301076,1909f56bfc062723c751e8b465ee728b) The tree Pine_tree must use the Nature/Soft Occlusion shader. Otherwise billboarding/lighting will not work correctly.
 -> (artifact id: '29e0db818f78cc21c61639c52bc9c305') in 0.133632 seconds 
========================================================================
Received Import Request.
  Time since last request: 0.752478 seconds.
  path: Assets/Well/Materials/Collider.mat
  artifactKey: Guid(3d921c4dc7938ea419826ae95d11e57b) Importer(815301076,1909f56bfc062723c751e8b465ee728b)
Start importing Assets/Well/Materials/Collider.mat using Guid(3d921c4dc7938ea419826ae95d11e57b) Importer(815301076,1909f56bfc062723c751e8b465ee728b)  -> (artifact id: 'e9c4c3000baaf80daa383c8ff0e2eb91') in 0.012731 seconds 
========================================================================
Received Import Request.
  Time since last request: 10.181178 seconds.
  path: Assets/Well/Models/well.fbx
  artifactKey: Guid(cb577dc0bb5f2d8428a0a8ea9a23c4af) Importer(815301076,1909f56bfc062723c751e8b465ee728b)
Start importing Assets/Well/Models/well.fbx using Guid(cb577dc0bb5f2d8428a0a8ea9a23c4af) Importer(815301076,1909f56bfc062723c751e8b465ee728b)  -> (artifact id: '4c9a92eaae9f86ca5b337c7f148c74dc') in 0.015612 seconds 
========================================================================
Received Import Request.
  Time since last request: 1.632899 seconds.
  path: Assets/Well/Prefabs/well.prefab
  artifactKey: Guid(09dd70b4470036f4988070b63e2ae21c) Importer(815301076,1909f56bfc062723c751e8b465ee728b)
Start importing Assets/Well/Prefabs/well.prefab using Guid(09dd70b4470036f4988070b63e2ae21c) Importer(815301076,1909f56bfc062723c751e8b465ee728b)  -> (artifact id: '219b11c02be97c96debd0e96862539cd') in 0.188153 seconds 
========================================================================
Received Import Request.
  Time since last request: 0.864370 seconds.
  path: Assets/Well/Textures/well_1001_AlbedoTransparency.png
  artifactKey: Guid(f0033beb76f2b1341849d477a710d101) Importer(815301076,1909f56bfc062723c751e8b465ee728b)
Start importing Assets/Well/Textures/well_1001_AlbedoTransparency.png using Guid(f0033beb76f2b1341849d477a710d101) Importer(815301076,1909f56bfc062723c751e8b465ee728b)  -> (artifact id: 'a6c79cada06add9540ff55fb4af5a50c') in 0.014426 seconds 
========================================================================
Received Import Request.
  Time since last request: 0.000014 seconds.
  path: Assets/Well/Textures/well_1001_MetallicSmoothness.png
  artifactKey: Guid(60d9802a898a6b24e8957431366f11ab) Importer(815301076,1909f56bfc062723c751e8b465ee728b)
Start importing Assets/Well/Textures/well_1001_MetallicSmoothness.png using Guid(60d9802a898a6b24e8957431366f11ab) Importer(815301076,1909f56bfc062723c751e8b465ee728b)  -> (artifact id: '87382e317ae816a55ef5d7e64e7ae392') in 0.010832 seconds 
========================================================================
Received Import Request.
  Time since last request: 3.995265 seconds.
  path: Assets/Well/Demo/Materials/Pine_tree.mat
  artifactKey: Guid(da0996394339e674e9302191a7038ccc) Importer(815301076,1909f56bfc062723c751e8b465ee728b)
Start importing Assets/Well/Demo/Materials/Pine_tree.mat using Guid(da0996394339e674e9302191a7038ccc) Importer(815301076,1909f56bfc062723c751e8b465ee728b)  -> (artifact id: '8d6acd5f012853aeee6258e2efcf8fb3') in 0.173137 seconds 
========================================================================
Received Import Request.
  Time since last request: 0.408860 seconds.
  path: Assets/Well/Demo/Models/Pine_tree.FBX
  artifactKey: Guid(f019107a28005f447a688aefb0c8be43) Importer(815301076,1909f56bfc062723c751e8b465ee728b)
Start importing Assets/Well/Demo/Models/Pine_tree.FBX using Guid(f019107a28005f447a688aefb0c8be43) Importer(815301076,1909f56bfc062723c751e8b465ee728b)  -> (artifact id: 'f19b07d149463e856bfcd0f8a3c4dbec') in 0.013361 seconds 
========================================================================
Received Import Request.
  Time since last request: 0.545538 seconds.
  path: Assets/Well/Demo/Prefabs/Pine_tree.prefab
  artifactKey: Guid(3a4cf9e58346bc14ba2f2e11310b3e7d) Importer(815301076,1909f56bfc062723c751e8b465ee728b)
Start importing Assets/Well/Demo/Prefabs/Pine_tree.prefab using Guid(3a4cf9e58346bc14ba2f2e11310b3e7d) Importer(815301076,1909f56bfc062723c751e8b465ee728b)  -> (artifact id: 'b8984fed09e86ce713fa5ce0d34fcd2c') in 0.012537 seconds 
========================================================================
Received Import Request.
  Time since last request: 1.385324 seconds.
  path: Assets/Well/Demo/Scenes/SampleScene.unity
  artifactKey: Guid(99c9720ab356a0642a771bea13969a05) Importer(815301076,1909f56bfc062723c751e8b465ee728b)
Start importing Assets/Well/Demo/Scenes/SampleScene.unity using Guid(99c9720ab356a0642a771bea13969a05) Importer(815301076,1909f56bfc062723c751e8b465ee728b)  -> (artifact id: 'c2a1e3b1af28bc46aac0c83caebd3b92') in 0.001838 seconds 
========================================================================
Received Import Request.
  Time since last request: 56.357439 seconds.
  path: Assets/sky5X/sky5X_light_settings/sky1_colorSettings.jpg
  artifactKey: Guid(41db3ffb30c7c6e42a29062caf72bd93) Importer(815301076,1909f56bfc062723c751e8b465ee728b)
Start importing Assets/sky5X/sky5X_light_settings/sky1_colorSettings.jpg using Guid(41db3ffb30c7c6e42a29062caf72bd93) Importer(815301076,1909f56bfc062723c751e8b465ee728b)  -> (artifact id: '77d77730c0755f3ab4b8911fede7f52b') in 0.015217 seconds 
========================================================================
Received Import Request.
  Time since last request: 0.000013 seconds.
  path: Assets/sky5X/sky5X_light_settings/sky5_colorSettings.jpg
  artifactKey: Guid(2d66fdc9e9f0d0c4cb7642f57dd18250) Importer(815301076,1909f56bfc062723c751e8b465ee728b)
Start importing Assets/sky5X/sky5X_light_settings/sky5_colorSettings.jpg using Guid(2d66fdc9e9f0d0c4cb7642f57dd18250) Importer(815301076,1909f56bfc062723c751e8b465ee728b)  -> (artifact id: 'e4e4ec367f2d3cf132c12e1c7404bf77') in 0.012537 seconds 
========================================================================
Received Import Request.
  Time since last request: 0.000013 seconds.
  path: Assets/sky5X/sky5X_light_settings/sky4_colorSettings.jpg
  artifactKey: Guid(ba33c6c0661825b4db3305bfd6599fc7) Importer(815301076,1909f56bfc062723c751e8b465ee728b)
Start importing Assets/sky5X/sky5X_light_settings/sky4_colorSettings.jpg using Guid(ba33c6c0661825b4db3305bfd6599fc7) Importer(815301076,1909f56bfc062723c751e8b465ee728b)  -> (artifact id: '15c600f8722608d04d8939ee46ff98b7') in 0.009545 seconds 
========================================================================
Received Import Request.
  Time since last request: 0.872725 seconds.
  path: Assets/sky5X/custom_LensFlare/35mm Aliens.flare
  artifactKey: Guid(3ca3d4e332e9641439d689a9005a1813) Importer(815301076,1909f56bfc062723c751e8b465ee728b)
Start importing Assets/sky5X/custom_LensFlare/35mm Aliens.flare using Guid(3ca3d4e332e9641439d689a9005a1813) Importer(815301076,1909f56bfc062723c751e8b465ee728b)  -> (artifact id: 'a5543b32b3e5a099d86d0e078d39d189') in 0.008829 seconds 
========================================================================
Received Import Request.
  Time since last request: 4.548526 seconds.
  path: Assets/sky5X/sky5X_skyboxes/sky5X1.mat
  artifactKey: Guid(7400269f7d341bc41b1f21adeccb2a5f) Importer(815301076,1909f56bfc062723c751e8b465ee728b)
Start importing Assets/sky5X/sky5X_skyboxes/sky5X1.mat using Guid(7400269f7d341bc41b1f21adeccb2a5f) Importer(815301076,1909f56bfc062723c751e8b465ee728b)  -> (artifact id: '83fbbcd98565cf0e1f5d72df25bf6e00') in 0.106487 seconds 
========================================================================
Received Import Request.
  Time since last request: 0.693070 seconds.
  path: Assets/sky5X/sky5X_textures/skyX51+x.png
  artifactKey: Guid(7ec97cef417aea24187127b871f79cf9) Importer(815301076,1909f56bfc062723c751e8b465ee728b)
Start importing Assets/sky5X/sky5X_textures/skyX51+x.png using Guid(7ec97cef417aea24187127b871f79cf9) Importer(815301076,1909f56bfc062723c751e8b465ee728b)  -> (artifact id: 'f29e458f13c14b3e96222688e42c52f8') in 0.017055 seconds 
========================================================================
Received Import Request.
  Time since last request: 0.000013 seconds.
  path: Assets/sky5X/sky5X_textures/skyX52+x.png
  artifactKey: Guid(085a260b2d99bd54d8a8f7587c6cdd5f) Importer(815301076,1909f56bfc062723c751e8b465ee728b)
Start importing Assets/sky5X/sky5X_textures/skyX52+x.png using Guid(085a260b2d99bd54d8a8f7587c6cdd5f) Importer(815301076,1909f56bfc062723c751e8b465ee728b)  -> (artifact id: 'f3ec97c82c2d1db07c750439647ccb95') in 0.017027 seconds 
========================================================================
Received Import Request.
  Time since last request: 0.000012 seconds.
  path: Assets/sky5X/sky5X_textures/skyX53+x.png
  artifactKey: Guid(2264faf4f795b6843932d09a642d442b) Importer(815301076,1909f56bfc062723c751e8b465ee728b)
Start importing Assets/sky5X/sky5X_textures/skyX53+x.png using Guid(2264faf4f795b6843932d09a642d442b) Importer(815301076,1909f56bfc062723c751e8b465ee728b)  -> (artifact id: 'e318c2ee342ed83994916703d18cfc9d') in 0.013976 seconds 
========================================================================
Received Import Request.
  Time since last request: 0.000020 seconds.
  path: Assets/sky5X/sky5X_textures/skyX55-x.png
  artifactKey: Guid(ee75a47af7dfc8c4e85e33e7aaa8ba60) Importer(815301076,1909f56bfc062723c751e8b465ee728b)
Start importing Assets/sky5X/sky5X_textures/skyX55-x.png using Guid(ee75a47af7dfc8c4e85e33e7aaa8ba60) Importer(815301076,1909f56bfc062723c751e8b465ee728b)  -> (artifact id: 'c197bfc1820486599b4256aed70fafff') in 0.011619 seconds 
========================================================================
Received Import Request.
  Time since last request: 0.000012 seconds.
  path: Assets/sky5X/sky5X_textures/skyX53+y.png
  artifactKey: Guid(9c15b007bc3e6a34f843295e48f9b10a) Importer(815301076,1909f56bfc062723c751e8b465ee728b)
Start importing Assets/sky5X/sky5X_textures/skyX53+y.png using Guid(9c15b007bc3e6a34f843295e48f9b10a) Importer(815301076,1909f56bfc062723c751e8b465ee728b)  -> (artifact id: '6033d602b2f340445c8aa6987600a0a8') in 0.013436 seconds 
========================================================================
Received Import Request.
  Time since last request: 0.000015 seconds.
  path: Assets/sky5X/sky5X_textures/skyX51-x.png
  artifactKey: Guid(610d6985ab90c9d43895bfcf1edc1e1f) Importer(815301076,1909f56bfc062723c751e8b465ee728b)
Start importing Assets/sky5X/sky5X_textures/skyX51-x.png using Guid(610d6985ab90c9d43895bfcf1edc1e1f) Importer(815301076,1909f56bfc062723c751e8b465ee728b)  -> (artifact id: '3ce708c979535fc7df35a3adb0739c97') in 0.020397 seconds 
========================================================================
Received Import Request.
  Time since last request: 0.000014 seconds.
  path: Assets/sky5X/sky5X_textures/skyX51+z.png
  artifactKey: Guid(5a88471d48adeb5439a6f1fb77fffb76) Importer(815301076,1909f56bfc062723c751e8b465ee728b)
Start importing Assets/sky5X/sky5X_textures/skyX51+z.png using Guid(5a88471d48adeb5439a6f1fb77fffb76) Importer(815301076,1909f56bfc062723c751e8b465ee728b)  -> (artifact id: '39ce099c0d4d925b3b7f657d16f9896a') in 0.025392 seconds 
========================================================================
Received Import Request.
  Time since last request: 0.000018 seconds.
  path: Assets/sky5X/sky5X_textures/skyX52-x.png
  artifactKey: Guid(f21555550245a7d40a2fdc7cabed71be) Importer(815301076,1909f56bfc062723c751e8b465ee728b)
Start importing Assets/sky5X/sky5X_textures/skyX52-x.png using Guid(f21555550245a7d40a2fdc7cabed71be) Importer(815301076,1909f56bfc062723c751e8b465ee728b)  -> (artifact id: 'cec198b1b0853d5efba728372c7c5f2f') in 0.012984 seconds 
========================================================================
Received Import Request.
  Time since last request: 0.000015 seconds.
  path: Assets/sky5X/sky5X_textures/skyX54-y.png
  artifactKey: Guid(a6987ce4339ab6a4fb015504c456c683) Importer(815301076,1909f56bfc062723c751e8b465ee728b)
Start importing Assets/sky5X/sky5X_textures/skyX54-y.png using Guid(a6987ce4339ab6a4fb015504c456c683) Importer(815301076,1909f56bfc062723c751e8b465ee728b)  -> (artifact id: '20c5a98f626ea6fa27408f082c28be1d') in 0.012810 seconds 
========================================================================
Received Import Request.
  Time since last request: 0.000022 seconds.
  path: Assets/sky5X/sky5X_textures/skyX55+z.png
  artifactKey: Guid(9ce6997595952254981513ca1a2ab39c) Importer(815301076,1909f56bfc062723c751e8b465ee728b)
Start importing Assets/sky5X/sky5X_textures/skyX55+z.png using Guid(9ce6997595952254981513ca1a2ab39c) Importer(815301076,1909f56bfc062723c751e8b465ee728b)  -> (artifact id: 'dce11c411003857386f8cb7f2b0adf18') in 0.024830 seconds 
========================================================================
Received Import Request.
  Time since last request: 0.000017 seconds.
  path: Assets/sky5X/sky5X_textures/skyX53+z.png
  artifactKey: Guid(1b4e6cc33563f5a43bcb38d0b0a6c80a) Importer(815301076,1909f56bfc062723c751e8b465ee728b)
Start importing Assets/sky5X/sky5X_textures/skyX53+z.png using Guid(1b4e6cc33563f5a43bcb38d0b0a6c80a) Importer(815301076,1909f56bfc062723c751e8b465ee728b)  -> (artifact id: 'aa969c02219c0a44bc3d3852f833defe') in 0.021052 seconds 
========================================================================
Received Import Request.
  Time since last request: 0.000016 seconds.
  path: Assets/sky5X/sky5X_textures/skyX52-z.png
  artifactKey: Guid(eb149b2caa0efbc46806952a3ab0862d) Importer(815301076,1909f56bfc062723c751e8b465ee728b)
Start importing Assets/sky5X/sky5X_textures/skyX52-z.png using Guid(eb149b2caa0efbc46806952a3ab0862d) Importer(815301076,1909f56bfc062723c751e8b465ee728b)  -> (artifact id: '8f90e9252b54012ebb4ae5212b99950f') in 0.010344 seconds 
========================================================================
Received Import Request.
  Time since last request: 0.000015 seconds.
  path: Assets/sky5X/sky5X_textures/skyX51-z.png
  artifactKey: Guid(5df3a5da4b9409d4e8dcfcb5a7f2efb6) Importer(815301076,1909f56bfc062723c751e8b465ee728b)
Start importing Assets/sky5X/sky5X_textures/skyX51-z.png using Guid(5df3a5da4b9409d4e8dcfcb5a7f2efb6) Importer(815301076,1909f56bfc062723c751e8b465ee728b)  -> (artifact id: 'fb19dfb5066db1cde4114fae58eb85c4') in 0.019333 seconds 
========================================================================
Received Import Request.
  Time since last request: 0.000014 seconds.
  path: Assets/sky5X/sky5X_textures/skyX51-y.png
  artifactKey: Guid(25656bb4bdba9d74fbdcec086c36da54) Importer(815301076,1909f56bfc062723c751e8b465ee728b)
Start importing Assets/sky5X/sky5X_textures/skyX51-y.png using Guid(25656bb4bdba9d74fbdcec086c36da54) Importer(815301076,1909f56bfc062723c751e8b465ee728b)  -> (artifact id: 'cdb5ec600d141c633b03d14df20dec4a') in 0.013071 seconds 
========================================================================
Received Import Request.
  Time since last request: 2.490178 seconds.
  path: Assets/sky5X/README.txt
  artifactKey: Guid(fdf5d809b3379b444bd00660c794e566) Importer(815301076,1909f56bfc062723c751e8b465ee728b)
Start importing Assets/sky5X/README.txt using Guid(fdf5d809b3379b444bd00660c794e566) Importer(815301076,1909f56bfc062723c751e8b465ee728b)  -> (artifact id: '7ee85950c63ff819712ab161915e5b56') in 0.009002 seconds 
========================================================================
Received Import Request.
  Time since last request: 4.492117 seconds.
  path: Assets/sky5X/sky5X_textures
  artifactKey: Guid(20a727acdaeb77b48af4e361f3218e81) Importer(815301076,1909f56bfc062723c751e8b465ee728b)
Start importing Assets/sky5X/sky5X_textures using Guid(20a727acdaeb77b48af4e361f3218e81) Importer(815301076,1909f56bfc062723c751e8b465ee728b)  -> (artifact id: '95206f95f63e5b251b5b5ac9d0ffe620') in 0.006508 seconds 
========================================================================
Received Import Request.
  Time since last request: 3.470432 seconds.
  path: Assets/sky5X/sky5X_skyboxes
  artifactKey: Guid(36c57b78edbce714b935bd3865ae338e) Importer(815301076,1909f56bfc062723c751e8b465ee728b)
Start importing Assets/sky5X/sky5X_skyboxes using Guid(36c57b78edbce714b935bd3865ae338e) Importer(815301076,1909f56bfc062723c751e8b465ee728b)  -> (artifact id: '4b4ff03162be352c0a63b7e1fb4a7c74') in 0.006158 seconds 
========================================================================
Received Import Request.
  Time since last request: 1.480533 seconds.
  path: Assets/sky5X/custom_LensFlare
  artifactKey: Guid(324a15fad07284f4286aaea2b72f0d55) Importer(815301076,1909f56bfc062723c751e8b465ee728b)
Start importing Assets/sky5X/custom_LensFlare using Guid(324a15fad07284f4286aaea2b72f0d55) Importer(815301076,1909f56bfc062723c751e8b465ee728b)  -> (artifact id: '3c2558a28b728f6c6aaf3521089aff4e') in 0.005961 seconds 
========================================================================
Received Import Request.
  Time since last request: 1.726006 seconds.
  path: Assets/sky5X/sky5X_light_settings
  artifactKey: Guid(c41539fd14a131e49beb9171d9abe950) Importer(815301076,1909f56bfc062723c751e8b465ee728b)
Start importing Assets/sky5X/sky5X_light_settings using Guid(c41539fd14a131e49beb9171d9abe950) Importer(815301076,1909f56bfc062723c751e8b465ee728b)  -> (artifact id: 'b6056a9ae7c57648acaf1795827e478f') in 0.005689 seconds 
========================================================================
Received Prepare
Registering precompiled user dll's ...
Registered in 0.005604 seconds.
Begin MonoManager ReloadAssembly
Symbol file LoadedFromMemory doesn't match image C:\Users\Zouzh\Desktop\2023-BrisHack\2023-BrisHack\Hack\Library\PackageCache\com.unity.visualscripting@1.8.0\Editor\VisualScripting.Core\Dependencies\YamlDotNet\Unity.VisualScripting.YamlDotNet.dll
Symbol file LoadedFromMemory doesn't match image C:\Users\Zouzh\Desktop\2023-BrisHack\2023-BrisHack\Hack\Library\PackageCache\com.unity.visualscripting@1.8.0\Editor\VisualScripting.Core\Dependencies\DotNetZip\Unity.VisualScripting.IonicZip.dll
Native extension for WindowsStandalone target not found
Native extension for Android target not found
Refreshing native plugins compatible for Editor in 1.01 ms, found 3 plugins.
Preloading 0 native plugins for Editor in 0.00 ms.
Mono: successfully reloaded assembly
- Completed reload, in  1.574 seconds
Domain Reload Profiling:
	ReloadAssembly (1575ms)
		BeginReloadAssembly (174ms)
			ExecutionOrderSort (0ms)
			DisableScriptedObjects (6ms)
			BackupInstance (0ms)
			ReleaseScriptingObjects (0ms)
			CreateAndSetChildDomain (50ms)
		EndReloadAssembly (1276ms)
			LoadAssemblies (100ms)
			RebuildTransferFunctionScriptingTraits (0ms)
			SetupTypeCache (452ms)
			ReleaseScriptCaches (2ms)
			RebuildScriptCaches (91ms)
			SetupLoadedEditorAssemblies (500ms)
				LogAssemblyErrors (0ms)
				InitializePlatformSupportModulesInManaged (46ms)
				SetLoadedEditorAssemblies (1ms)
				RefreshPlugins (1ms)
				BeforeProcessingInitializeOnLoad (108ms)
				ProcessInitializeOnLoadAttributes (291ms)
				ProcessInitializeOnLoadMethodAttributes (33ms)
				AfterProcessingInitializeOnLoad (20ms)
				EditorAssembliesLoaded (0ms)
			ExecutionOrderSort2 (0ms)
			AwakeInstancesAfterBackupRestoration (12ms)
Platform modules already initialized, skipping
Refreshing native plugins compatible for Editor in 2.01 ms, found 3 plugins.
Preloading 0 native plugins for Editor in 0.00 ms.
Unloading 3044 Unused Serialized files (Serialized files now loaded: 0)
Unloading 17 unused Assets / (82.0 KB). Loaded Objects now: 3591.
Memory consumption went from 180.7 MB to 180.6 MB.
Total: 3.148000 ms (FindLiveObjects: 0.534400 ms CreateObjectMapping: 0.257900 ms MarkObjects: 2.254600 ms  DeleteObjects: 0.100000 ms)

AssetImportParameters requested are different than current active one (requested -> active):
  custom:video-decoder-ogg-theora: a1e56fd34408186e4bbccfd4996cb3dc -> 
  custom:container-muxer-webm: aa71ff27fc2769a1b78a27578f13a17b -> 
  custom:container-demuxer-webm: 4f35f7cbe854078d1ac9338744f61a02 -> 
  custom:video-encoder-webm-vp8: eb34c28f22e8b96e1ab97ce403110664 -> 
  custom:video-codec-MediaFoundation-h265: 746d11721c4dcdbdad8f713fa42b33f4 -> 
  custom:audio-encoder-webm-vorbis: bf7c407c2cedff20999df2af8eb42d56 -> 
  custom:framework-win-MediaFoundation: 216162199b28c13a410421893ffa2e32 -> 
  custom:container-demuxer-ogg: 62fdf1f143b41e24485cea50d1cbac27 -> 
  custom:video-decoder-webm-vp8: 9c59270c3fd7afecdb556c50c9e8de78 -> 
  custom:audio-decoder-ogg-vorbis: bf7c407c2cedff20999df2af8eb42d56 -> 
========================================================================
Received Import Request.
  Time since last request: 221.584886 seconds.
  path: Assets/_TerrainAutoUpgrade/layer_Terrain01_D3d3aba195e4d26ee.terrainlayer
  artifactKey: Guid(72986e56efd03a74da1406d6a8dd5da8) Importer(815301076,1909f56bfc062723c751e8b465ee728b)
Start importing Assets/_TerrainAutoUpgrade/layer_Terrain01_D3d3aba195e4d26ee.terrainlayer using Guid(72986e56efd03a74da1406d6a8dd5da8) Importer(815301076,1909f56bfc062723c751e8b465ee728b)  -> (artifact id: '25689528ea551fedd1b118adc55fa19f') in 0.033703 seconds 
========================================================================
Received Prepare
Registering precompiled user dll's ...
Registered in 0.004322 seconds.
Begin MonoManager ReloadAssembly
Symbol file LoadedFromMemory doesn't match image C:\Users\Zouzh\Desktop\2023-BrisHack\2023-BrisHack\Hack\Library\PackageCache\com.unity.visualscripting@1.8.0\Editor\VisualScripting.Core\Dependencies\YamlDotNet\Unity.VisualScripting.YamlDotNet.dll
Symbol file LoadedFromMemory doesn't match image C:\Users\Zouzh\Desktop\2023-BrisHack\2023-BrisHack\Hack\Library\PackageCache\com.unity.visualscripting@1.8.0\Editor\VisualScripting.Core\Dependencies\DotNetZip\Unity.VisualScripting.IonicZip.dll
Native extension for WindowsStandalone target not found
Native extension for Android target not found
Refreshing native plugins compatible for Editor in 0.49 ms, found 3 plugins.
Preloading 0 native plugins for Editor in 0.00 ms.
Mono: successfully reloaded assembly
- Completed reload, in  0.916 seconds
Domain Reload Profiling:
	ReloadAssembly (916ms)
		BeginReloadAssembly (126ms)
			ExecutionOrderSort (0ms)
			DisableScriptedObjects (5ms)
			BackupInstance (0ms)
			ReleaseScriptingObjects (0ms)
			CreateAndSetChildDomain (34ms)
		EndReloadAssembly (701ms)
			LoadAssemblies (69ms)
			RebuildTransferFunctionScriptingTraits (0ms)
			SetupTypeCache (244ms)
			ReleaseScriptCaches (1ms)
			RebuildScriptCaches (34ms)
			SetupLoadedEditorAssemblies (289ms)
				LogAssemblyErrors (0ms)
				InitializePlatformSupportModulesInManaged (25ms)
				SetLoadedEditorAssemblies (1ms)
				RefreshPlugins (1ms)
				BeforeProcessingInitializeOnLoad (63ms)
				ProcessInitializeOnLoadAttributes (175ms)
				ProcessInitializeOnLoadMethodAttributes (18ms)
				AfterProcessingInitializeOnLoad (8ms)
				EditorAssembliesLoaded (0ms)
			ExecutionOrderSort2 (0ms)
			AwakeInstancesAfterBackupRestoration (5ms)
Platform modules already initialized, skipping
Refreshing native plugins compatible for Editor in 1.75 ms, found 3 plugins.
Preloading 0 native plugins for Editor in 0.00 ms.
Unloading 3044 Unused Serialized files (Serialized files now loaded: 0)
Unloading 17 unused Assets / (82.2 KB). Loaded Objects now: 3596.
Memory consumption went from 180.7 MB to 180.6 MB.
Total: 2.227500 ms (FindLiveObjects: 0.231400 ms CreateObjectMapping: 0.127800 ms MarkObjects: 1.784700 ms  DeleteObjects: 0.082900 ms)

AssetImportParameters requested are different than current active one (requested -> active):
  custom:video-decoder-ogg-theora: a1e56fd34408186e4bbccfd4996cb3dc -> 
  custom:container-muxer-webm: aa71ff27fc2769a1b78a27578f13a17b -> 
  custom:container-demuxer-webm: 4f35f7cbe854078d1ac9338744f61a02 -> 
  custom:video-encoder-webm-vp8: eb34c28f22e8b96e1ab97ce403110664 -> 
  custom:video-codec-MediaFoundation-h265: 746d11721c4dcdbdad8f713fa42b33f4 -> 
  custom:audio-encoder-webm-vorbis: bf7c407c2cedff20999df2af8eb42d56 -> 
  custom:framework-win-MediaFoundation: 216162199b28c13a410421893ffa2e32 -> 
  custom:container-demuxer-ogg: 62fdf1f143b41e24485cea50d1cbac27 -> 
  custom:video-decoder-webm-vp8: 9c59270c3fd7afecdb556c50c9e8de78 -> 
  custom:audio-decoder-ogg-vorbis: bf7c407c2cedff20999df2af8eb42d56 -> 
========================================================================
Received Prepare
Registering precompiled user dll's ...
Registered in 0.005671 seconds.
Begin MonoManager ReloadAssembly
Symbol file LoadedFromMemory doesn't match image C:\Users\Zouzh\Desktop\2023-BrisHack\2023-BrisHack\Hack\Library\PackageCache\com.unity.visualscripting@1.8.0\Editor\VisualScripting.Core\Dependencies\YamlDotNet\Unity.VisualScripting.YamlDotNet.dll
Symbol file LoadedFromMemory doesn't match image C:\Users\Zouzh\Desktop\2023-BrisHack\2023-BrisHack\Hack\Library\PackageCache\com.unity.visualscripting@1.8.0\Editor\VisualScripting.Core\Dependencies\DotNetZip\Unity.VisualScripting.IonicZip.dll
Native extension for WindowsStandalone target not found
Native extension for Android target not found
Refreshing native plugins compatible for Editor in 0.59 ms, found 3 plugins.
Preloading 0 native plugins for Editor in 0.00 ms.
Mono: successfully reloaded assembly
- Completed reload, in  0.900 seconds
Domain Reload Profiling:
	ReloadAssembly (901ms)
		BeginReloadAssembly (114ms)
			ExecutionOrderSort (0ms)
			DisableScriptedObjects (5ms)
			BackupInstance (0ms)
			ReleaseScriptingObjects (0ms)
			CreateAndSetChildDomain (28ms)
		EndReloadAssembly (696ms)
			LoadAssemblies (74ms)
			RebuildTransferFunctionScriptingTraits (0ms)
			SetupTypeCache (258ms)
			ReleaseScriptCaches (1ms)
			RebuildScriptCaches (36ms)
			SetupLoadedEditorAssemblies (270ms)
				LogAssemblyErrors (0ms)
				InitializePlatformSupportModulesInManaged (23ms)
				SetLoadedEditorAssemblies (0ms)
				RefreshPlugins (1ms)
				BeforeProcessingInitializeOnLoad (59ms)
				ProcessInitializeOnLoadAttributes (158ms)
				ProcessInitializeOnLoadMethodAttributes (20ms)
				AfterProcessingInitializeOnLoad (9ms)
				EditorAssembliesLoaded (0ms)
			ExecutionOrderSort2 (0ms)
			AwakeInstancesAfterBackupRestoration (5ms)
Platform modules already initialized, skipping
Refreshing native plugins compatible for Editor in 1.79 ms, found 3 plugins.
Preloading 0 native plugins for Editor in 0.00 ms.
Unloading 3044 Unused Serialized files (Serialized files now loaded: 0)
Unloading 17 unused Assets / (82.1 KB). Loaded Objects now: 3599.
Memory consumption went from 180.7 MB to 180.6 MB.
Total: 2.304400 ms (FindLiveObjects: 0.225400 ms CreateObjectMapping: 0.126300 ms MarkObjects: 1.870000 ms  DeleteObjects: 0.081800 ms)

AssetImportParameters requested are different than current active one (requested -> active):
  custom:video-decoder-ogg-theora: a1e56fd34408186e4bbccfd4996cb3dc -> 
  custom:container-muxer-webm: aa71ff27fc2769a1b78a27578f13a17b -> 
  custom:container-demuxer-webm: 4f35f7cbe854078d1ac9338744f61a02 -> 
  custom:video-encoder-webm-vp8: eb34c28f22e8b96e1ab97ce403110664 -> 
  custom:video-codec-MediaFoundation-h265: 746d11721c4dcdbdad8f713fa42b33f4 -> 
  custom:audio-encoder-webm-vorbis: bf7c407c2cedff20999df2af8eb42d56 -> 
  custom:framework-win-MediaFoundation: 216162199b28c13a410421893ffa2e32 -> 
  custom:container-demuxer-ogg: 62fdf1f143b41e24485cea50d1cbac27 -> 
  custom:video-decoder-webm-vp8: 9c59270c3fd7afecdb556c50c9e8de78 -> 
  custom:audio-decoder-ogg-vorbis: bf7c407c2cedff20999df2af8eb42d56 -> 
