Using pre-set license
Built from '2021.3/staging' branch; Version is '2021.3.19f1 (c9714fde33b6) revision 13201743'; Using compiler version '192829333'; Build Type 'Release'
OS: 'Windows 10  (10.0.19045) 64bit Professional' Language: 'en' Physical Memory: 65337 MB
BatchMode: 1, IsHumanControllingUs: 0, StartBugReporterOnCrash: 0, Is64bit: 1, IsPro: 1

COMMAND LINE ARGUMENTS:
C:\Program Files\Unity\Hub\Editor\2021.3.19f1\Editor\Unity.exe
-adb2
-batchMode
-noUpm
-name
AssetImportWorker1
-projectPath
C:/Users/Zouzh/Desktop/2023-BrisHack/2023-BrisHack/Hack
-logFile
Logs/AssetImportWorker1.log
-srvPort
51628
Successfully changed project path to: C:/Users/Zouzh/Desktop/2023-BrisHack/2023-BrisHack/Hack
C:/Users/Zouzh/Desktop/2023-BrisHack/2023-BrisHack/Hack
[UnityMemory] Configuration Parameters - Can be set up in boot.config
    "memorysetup-bucket-allocator-granularity=16"
    "memorysetup-bucket-allocator-bucket-count=8"
    "memorysetup-bucket-allocator-block-size=33554432"
    "memorysetup-bucket-allocator-block-count=8"
    "memorysetup-main-allocator-block-size=16777216"
    "memorysetup-thread-allocator-block-size=16777216"
    "memorysetup-gfx-main-allocator-block-size=16777216"
    "memorysetup-gfx-thread-allocator-block-size=16777216"
    "memorysetup-cache-allocator-block-size=4194304"
    "memorysetup-typetree-allocator-block-size=2097152"
    "memorysetup-profiler-bucket-allocator-granularity=16"
    "memorysetup-profiler-bucket-allocator-bucket-count=8"
    "memorysetup-profiler-bucket-allocator-block-size=33554432"
    "memorysetup-profiler-bucket-allocator-block-count=8"
    "memorysetup-profiler-allocator-block-size=16777216"
    "memorysetup-profiler-editor-allocator-block-size=1048576"
    "memorysetup-temp-allocator-size-main=16777216"
    "memorysetup-job-temp-allocator-block-size=2097152"
    "memorysetup-job-temp-allocator-block-size-background=1048576"
    "memorysetup-job-temp-allocator-reduction-small-platforms=262144"
    "memorysetup-temp-allocator-size-background-worker=32768"
    "memorysetup-temp-allocator-size-job-worker=262144"
    "memorysetup-temp-allocator-size-preload-manager=33554432"
    "memorysetup-temp-allocator-size-nav-mesh-worker=65536"
    "memorysetup-temp-allocator-size-audio-worker=65536"
    "memorysetup-temp-allocator-size-cloud-worker=32768"
    "memorysetup-temp-allocator-size-gi-baking-worker=262144"
    "memorysetup-temp-allocator-size-gfx=262144"
Player connection [29924] Host "[IP] 192.168.56.1 [Port] 0 [Flags] 2 [Guid] 1144321429 [EditorId] 1144321429 [Version] 1048832 [Id] WindowsEditor(7,DESKTOP-5G57NGQ) [Debug] 1 [PackageName] WindowsEditor [ProjectName] Editor" joined multi-casting on [225.0.0.222:54997]...

Player connection [29924] Host "[IP] 192.168.56.1 [Port] 0 [Flags] 2 [Guid] 1144321429 [EditorId] 1144321429 [Version] 1048832 [Id] WindowsEditor(7,DESKTOP-5G57NGQ) [Debug] 1 [PackageName] WindowsEditor [ProjectName] Editor" joined alternative multi-casting on [225.0.0.222:34997]...

Refreshing native plugins compatible for Editor in 71.67 ms, found 3 plugins.
Preloading 0 native plugins for Editor in 0.00 ms.
Initialize engine version: 2021.3.19f1 (c9714fde33b6)
[Subsystems] Discovering subsystems at path C:/Program Files/Unity/Hub/Editor/2021.3.19f1/Editor/Data/Resources/UnitySubsystems
[Subsystems] Discovering subsystems at path C:/Users/Zouzh/Desktop/2023-BrisHack/2023-BrisHack/Hack/Assets
GfxDevice: creating device client; threaded=0; jobified=0
Direct3D:
    Version:  Direct3D 11.0 [level 11.1]
    Renderer: NVIDIA GeForce RTX 2080 (ID=0x1ed0)
    Vendor:   NVIDIA
    VRAM:     8002 MB
    Driver:   31.0.15.2849
Initialize mono
Mono path[0] = 'C:/Program Files/Unity/Hub/Editor/2021.3.19f1/Editor/Data/Managed'
Mono path[1] = 'C:/Program Files/Unity/Hub/Editor/2021.3.19f1/Editor/Data/MonoBleedingEdge/lib/mono/unityjit-win32'
Mono config path = 'C:/Program Files/Unity/Hub/Editor/2021.3.19f1/Editor/Data/MonoBleedingEdge/etc'
Using monoOptions --debugger-agent=transport=dt_socket,embedding=1,server=y,suspend=n,address=127.0.0.1:56996
Begin MonoManager ReloadAssembly
Registering precompiled unity dll's ...
Register platform support module: C:/Program Files/Unity/Hub/Editor/2021.3.19f1/Editor/Data/PlaybackEngines/AndroidPlayer/UnityEditor.Android.Extensions.dll
Register platform support module: C:/Program Files/Unity/Hub/Editor/2021.3.19f1/Editor/Data/PlaybackEngines/WindowsStandaloneSupport/UnityEditor.WindowsStandalone.Extensions.dll
Registered in 0.008124 seconds.
Native extension for WindowsStandalone target not found
Native extension for Android target not found
Android Extension - Scanning For ADB Devices 250 ms
Refreshing native plugins compatible for Editor in 84.26 ms, found 3 plugins.
Preloading 0 native plugins for Editor in 0.00 ms.
Mono: successfully reloaded assembly
- Completed reload, in  0.859 seconds
Domain Reload Profiling:
	ReloadAssembly (860ms)
		BeginReloadAssembly (65ms)
			ExecutionOrderSort (0ms)
			DisableScriptedObjects (0ms)
			BackupInstance (0ms)
			ReleaseScriptingObjects (0ms)
			CreateAndSetChildDomain (1ms)
		EndReloadAssembly (697ms)
			LoadAssemblies (63ms)
			RebuildTransferFunctionScriptingTraits (0ms)
			SetupTypeCache (100ms)
			ReleaseScriptCaches (0ms)
			RebuildScriptCaches (24ms)
			SetupLoadedEditorAssemblies (529ms)
				LogAssemblyErrors (0ms)
				InitializePlatformSupportModulesInManaged (317ms)
				SetLoadedEditorAssemblies (0ms)
				RefreshPlugins (84ms)
				BeforeProcessingInitializeOnLoad (1ms)
				ProcessInitializeOnLoadAttributes (87ms)
				ProcessInitializeOnLoadMethodAttributes (39ms)
				AfterProcessingInitializeOnLoad (0ms)
				EditorAssembliesLoaded (0ms)
			ExecutionOrderSort2 (0ms)
			AwakeInstancesAfterBackupRestoration (0ms)
Platform modules already initialized, skipping
Registering precompiled user dll's ...
Registered in 0.004637 seconds.
Begin MonoManager ReloadAssembly
Symbol file LoadedFromMemory doesn't match image C:\Users\Zouzh\Desktop\2023-BrisHack\2023-BrisHack\Hack\Library\PackageCache\com.unity.visualscripting@1.8.0\Editor\VisualScripting.Core\Dependencies\YamlDotNet\Unity.VisualScripting.YamlDotNet.dll
Symbol file LoadedFromMemory doesn't match image C:\Users\Zouzh\Desktop\2023-BrisHack\2023-BrisHack\Hack\Library\PackageCache\com.unity.visualscripting@1.8.0\Editor\VisualScripting.Core\Dependencies\DotNetZip\Unity.VisualScripting.IonicZip.dll
Native extension for WindowsStandalone target not found
Native extension for Android target not found
Refreshing native plugins compatible for Editor in 0.53 ms, found 3 plugins.
Preloading 0 native plugins for Editor in 0.00 ms.
Mono: successfully reloaded assembly
- Completed reload, in  0.921 seconds
Domain Reload Profiling:
	ReloadAssembly (921ms)
		BeginReloadAssembly (98ms)
			ExecutionOrderSort (0ms)
			DisableScriptedObjects (5ms)
			BackupInstance (0ms)
			ReleaseScriptingObjects (0ms)
			CreateAndSetChildDomain (18ms)
		EndReloadAssembly (712ms)
			LoadAssemblies (72ms)
			RebuildTransferFunctionScriptingTraits (0ms)
			SetupTypeCache (248ms)
			ReleaseScriptCaches (1ms)
			RebuildScriptCaches (46ms)
			SetupLoadedEditorAssemblies (297ms)
				LogAssemblyErrors (0ms)
				InitializePlatformSupportModulesInManaged (18ms)
				SetLoadedEditorAssemblies (0ms)
				RefreshPlugins (1ms)
				BeforeProcessingInitializeOnLoad (73ms)
				ProcessInitializeOnLoadAttributes (181ms)
				ProcessInitializeOnLoadMethodAttributes (17ms)
				AfterProcessingInitializeOnLoad (8ms)
				EditorAssembliesLoaded (0ms)
			ExecutionOrderSort2 (0ms)
			AwakeInstancesAfterBackupRestoration (5ms)
Platform modules already initialized, skipping
========================================================================
Worker process is ready to serve import requests
Launched and connected shader compiler UnityShaderCompiler.exe after 0.04 seconds
Refreshing native plugins compatible for Editor in 0.45 ms, found 3 plugins.
Preloading 0 native plugins for Editor in 0.00 ms.
Unloading 3061 Unused Serialized files (Serialized files now loaded: 0)
Unloading 24 unused Assets / (115.0 KB). Loaded Objects now: 3540.
Memory consumption went from 177.0 MB to 176.9 MB.
Total: 3.615300 ms (FindLiveObjects: 0.253000 ms CreateObjectMapping: 0.176500 ms MarkObjects: 3.061700 ms  DeleteObjects: 0.122700 ms)

AssetImportParameters requested are different than current active one (requested -> active):
  custom:video-decoder-ogg-theora: a1e56fd34408186e4bbccfd4996cb3dc -> 
  custom:container-muxer-webm: aa71ff27fc2769a1b78a27578f13a17b -> 
  custom:container-demuxer-webm: 4f35f7cbe854078d1ac9338744f61a02 -> 
  custom:video-encoder-webm-vp8: eb34c28f22e8b96e1ab97ce403110664 -> 
  custom:video-codec-MediaFoundation-h265: 746d11721c4dcdbdad8f713fa42b33f4 -> 
  custom:audio-encoder-webm-vorbis: bf7c407c2cedff20999df2af8eb42d56 -> 
  custom:framework-win-MediaFoundation: 216162199b28c13a410421893ffa2e32 -> 
  custom:container-demuxer-ogg: 62fdf1f143b41e24485cea50d1cbac27 -> 
  custom:video-decoder-webm-vp8: 9c59270c3fd7afecdb556c50c9e8de78 -> 
  custom:audio-decoder-ogg-vorbis: bf7c407c2cedff20999df2af8eb42d56 -> 
========================================================================
Received Import Request.
  Time since last request: 18477.894497 seconds.
  path: Assets/Polytope Studio/Lowpoly Medieval Village/Prefabs/PT_Medieval_Village_Gate_01.prefab
  artifactKey: Guid(5950102fd8f330c498c62f0e9e22bc1b) Importer(815301076,1909f56bfc062723c751e8b465ee728b)
Start importing Assets/Polytope Studio/Lowpoly Medieval Village/Prefabs/PT_Medieval_Village_Gate_01.prefab using Guid(5950102fd8f330c498c62f0e9e22bc1b) Importer(815301076,1909f56bfc062723c751e8b465ee728b)  -> (artifact id: '0d9cead99ede4cde3c120d89538427c4') in 0.116898 seconds 
========================================================================
Received Import Request.
  Time since last request: 0.000028 seconds.
  path: Assets/Polytope Studio/Lowpoly Medieval Demos/Environment_Free/FENCE.prefab
  artifactKey: Guid(f16f39bd1be9d4140ad0cd32366b3c89) Importer(815301076,1909f56bfc062723c751e8b465ee728b)
Start importing Assets/Polytope Studio/Lowpoly Medieval Demos/Environment_Free/FENCE.prefab using Guid(f16f39bd1be9d4140ad0cd32366b3c89) Importer(815301076,1909f56bfc062723c751e8b465ee728b)  -> (artifact id: '391b2b651b45d8bfb640aa7ba867b8f3') in 0.019153 seconds 
========================================================================
Received Import Request.
  Time since last request: 0.000018 seconds.
  path: Assets/Polytope Studio/Lowpoly Medieval Environments/Prefabs/Trees/PT_Fruit_Tree_01_green_cut.prefab
  artifactKey: Guid(021bfbcf15abb7543a51a487fa1c05ef) Importer(815301076,1909f56bfc062723c751e8b465ee728b)
Start importing Assets/Polytope Studio/Lowpoly Medieval Environments/Prefabs/Trees/PT_Fruit_Tree_01_green_cut.prefab using Guid(021bfbcf15abb7543a51a487fa1c05ef) Importer(815301076,1909f56bfc062723c751e8b465ee728b)  -> (artifact id: '5d2cb6cef68042a2dd74c9c57862310e') in 0.039056 seconds 
========================================================================
Received Import Request.
  Time since last request: 0.000014 seconds.
  path: Assets/Polytope Studio/Lowpoly Medieval Village/Prefabs/PT_Wooden_Bridge_02.prefab
  artifactKey: Guid(29c774dacdcc73240b0c71228fdc6f2c) Importer(815301076,1909f56bfc062723c751e8b465ee728b)
Start importing Assets/Polytope Studio/Lowpoly Medieval Village/Prefabs/PT_Wooden_Bridge_02.prefab using Guid(29c774dacdcc73240b0c71228fdc6f2c) Importer(815301076,1909f56bfc062723c751e8b465ee728b)  -> (artifact id: 'eb6add3ca47103fffdc02c91a124d485') in 0.014337 seconds 
========================================================================
Received Import Request.
  Time since last request: 0.000129 seconds.
  path: Assets/Polytope Studio/Lowpoly Medieval Environments/Prefabs/Trees/PT_Fruit_Tree_01_apples.prefab
  artifactKey: Guid(fe0c38f5305f2e14ca7e033eed8192aa) Importer(815301076,1909f56bfc062723c751e8b465ee728b)
Start importing Assets/Polytope Studio/Lowpoly Medieval Environments/Prefabs/Trees/PT_Fruit_Tree_01_apples.prefab using Guid(fe0c38f5305f2e14ca7e033eed8192aa) Importer(815301076,1909f56bfc062723c751e8b465ee728b)  -> (artifact id: 'e37b741f6779c4913a9e30712bf71f3f') in 0.036856 seconds 
========================================================================
Received Import Request.
  Time since last request: 0.000031 seconds.
  path: Assets/Polytope Studio/Lowpoly Medieval Environments/Prefabs/Trees/PT_Fruit_Tree_01_plums.prefab
  artifactKey: Guid(c80fbf850ad97a34694544deb65b7fa2) Importer(815301076,1909f56bfc062723c751e8b465ee728b)
Start importing Assets/Polytope Studio/Lowpoly Medieval Environments/Prefabs/Trees/PT_Fruit_Tree_01_plums.prefab using Guid(c80fbf850ad97a34694544deb65b7fa2) Importer(815301076,1909f56bfc062723c751e8b465ee728b)  -> (artifact id: '4bba38b21c5a3e372176a515a61397e7') in 0.020407 seconds 
========================================================================
Received Import Request.
  Time since last request: 0.000014 seconds.
  path: Assets/Polytope Studio/Lowpoly Medieval Village/Prefabs/PT_Medieval_Village_Fence_02.prefab
  artifactKey: Guid(0f3413d69b4e3a048869018aed66e3d2) Importer(815301076,1909f56bfc062723c751e8b465ee728b)
Start importing Assets/Polytope Studio/Lowpoly Medieval Village/Prefabs/PT_Medieval_Village_Fence_02.prefab using Guid(0f3413d69b4e3a048869018aed66e3d2) Importer(815301076,1909f56bfc062723c751e8b465ee728b)  -> (artifact id: '953b08a527f00a90b702bf6e5022c0bf') in 0.021472 seconds 
========================================================================
Received Import Request.
  Time since last request: 0.000020 seconds.
  path: Assets/Polytope Studio/Lowpoly Medieval Environments/Prefabs/Trees/PT_Fruit_Tree_01_green.prefab
  artifactKey: Guid(d90c349721b4e694fad80a76d87b2578) Importer(815301076,1909f56bfc062723c751e8b465ee728b)
Start importing Assets/Polytope Studio/Lowpoly Medieval Environments/Prefabs/Trees/PT_Fruit_Tree_01_green.prefab using Guid(d90c349721b4e694fad80a76d87b2578) Importer(815301076,1909f56bfc062723c751e8b465ee728b)  -> (artifact id: '59400e155f6f7c7669b1de3a38a7a53d') in 0.022132 seconds 
========================================================================
Received Import Request.
  Time since last request: 0.000017 seconds.
  path: Assets/Polytope Studio/Lowpoly Medieval Environments/Prefabs/Mushrooms/PT_Caesars_Mushroom_01.prefab
  artifactKey: Guid(61982c2c99063e44e9e4646d763c0439) Importer(815301076,1909f56bfc062723c751e8b465ee728b)
Start importing Assets/Polytope Studio/Lowpoly Medieval Environments/Prefabs/Mushrooms/PT_Caesars_Mushroom_01.prefab using Guid(61982c2c99063e44e9e4646d763c0439) Importer(815301076,1909f56bfc062723c751e8b465ee728b)  -> (artifact id: '51b79327247e9cfee401031af9640413') in 0.023800 seconds 
========================================================================
Received Import Request.
  Time since last request: 2.609200 seconds.
  path: Assets/Polytope Studio/Lowpoly Medieval Environments/Sources/Meshes/Trees/PT_Fruit_Tree_01_apples.fbx
  artifactKey: Guid(fb0559a36ae9650449b6e3c26d5076a5) Importer(815301076,1909f56bfc062723c751e8b465ee728b)
Start importing Assets/Polytope Studio/Lowpoly Medieval Environments/Sources/Meshes/Trees/PT_Fruit_Tree_01_apples.fbx using Guid(fb0559a36ae9650449b6e3c26d5076a5) Importer(815301076,1909f56bfc062723c751e8b465ee728b)  -> (artifact id: '2736c8578e1c025e9d9d2976df1eab8b') in 0.067038 seconds 
========================================================================
Received Import Request.
  Time since last request: 0.000015 seconds.
  path: Assets/Polytope Studio/Lowpoly Medieval Environments/Sources/Meshes/Trees/PT_Fruit_Tree_01_green.fbx
  artifactKey: Guid(f222748f1796b2e49a56a2fbf7563247) Importer(815301076,1909f56bfc062723c751e8b465ee728b)
Start importing Assets/Polytope Studio/Lowpoly Medieval Environments/Sources/Meshes/Trees/PT_Fruit_Tree_01_green.fbx using Guid(f222748f1796b2e49a56a2fbf7563247) Importer(815301076,1909f56bfc062723c751e8b465ee728b)  -> (artifact id: 'f1bec4de48af69fc069da5532da95a68') in 0.090496 seconds 
========================================================================
Received Import Request.
  Time since last request: 0.000017 seconds.
  path: Assets/Polytope Studio/Lowpoly Medieval Environments/Sources/Meshes/Trees/PT_Fruit_Tree_01_green_cut.fbx
  artifactKey: Guid(1500a5535a073af4797d5ba960824cb3) Importer(815301076,1909f56bfc062723c751e8b465ee728b)
Start importing Assets/Polytope Studio/Lowpoly Medieval Environments/Sources/Meshes/Trees/PT_Fruit_Tree_01_green_cut.fbx using Guid(1500a5535a073af4797d5ba960824cb3) Importer(815301076,1909f56bfc062723c751e8b465ee728b)  -> (artifact id: 'efe9c960d1834772fcf9243b10ae45a2') in 0.028063 seconds 
========================================================================
Received Import Request.
  Time since last request: 0.000022 seconds.
  path: Assets/Polytope Studio/Lowpoly Medieval Village/Sources/Meshes/PT_Medieval_Village_Fence_04.fbx
  artifactKey: Guid(faaede3d1773ae2488a568c13e10cee4) Importer(815301076,1909f56bfc062723c751e8b465ee728b)
Start importing Assets/Polytope Studio/Lowpoly Medieval Village/Sources/Meshes/PT_Medieval_Village_Fence_04.fbx using Guid(faaede3d1773ae2488a568c13e10cee4) Importer(815301076,1909f56bfc062723c751e8b465ee728b)  -> (artifact id: 'c5a527ae7924c152eab2dcd5ccd0d0ee') in 0.020697 seconds 
========================================================================
Received Import Request.
  Time since last request: 0.000015 seconds.
  path: Assets/Polytope Studio/Lowpoly Medieval Environments/Sources/Meshes/Flowers/PT_Poppy_02.fbx
  artifactKey: Guid(5c7de3ea78afce6468d2ebe76dd0bf6d) Importer(815301076,1909f56bfc062723c751e8b465ee728b)
Start importing Assets/Polytope Studio/Lowpoly Medieval Environments/Sources/Meshes/Flowers/PT_Poppy_02.fbx using Guid(5c7de3ea78afce6468d2ebe76dd0bf6d) Importer(815301076,1909f56bfc062723c751e8b465ee728b)  -> (artifact id: 'f9c9123dc7251bc833c64c238d8653ce') in 0.036681 seconds 
========================================================================
Received Import Request.
  Time since last request: 0.000014 seconds.
  path: Assets/Polytope Studio/Lowpoly Medieval Environments/Sources/Meshes/Rocks/PT_Ore_Rock_01.fbx
  artifactKey: Guid(a9129ae83f8faf646961b70c4b103833) Importer(815301076,1909f56bfc062723c751e8b465ee728b)
Start importing Assets/Polytope Studio/Lowpoly Medieval Environments/Sources/Meshes/Rocks/PT_Ore_Rock_01.fbx using Guid(a9129ae83f8faf646961b70c4b103833) Importer(815301076,1909f56bfc062723c751e8b465ee728b)  -> (artifact id: 'b3bc1630ad281a3a2d52d168567ab48b') in 0.414878 seconds 
========================================================================
Received Import Request.
  Time since last request: 0.000021 seconds.
  path: Assets/Polytope Studio/Lowpoly Medieval Village/Sources/Meshes/PT_Medieval_Village_Fence_02.fbx
  artifactKey: Guid(b67d2b761d3397348831d776dbb33e03) Importer(815301076,1909f56bfc062723c751e8b465ee728b)
Start importing Assets/Polytope Studio/Lowpoly Medieval Village/Sources/Meshes/PT_Medieval_Village_Fence_02.fbx using Guid(b67d2b761d3397348831d776dbb33e03) Importer(815301076,1909f56bfc062723c751e8b465ee728b)  -> (artifact id: '6edbd9eb48b1eaf42ce0928914cd593a') in 0.014098 seconds 
========================================================================
Received Import Request.
  Time since last request: 0.000028 seconds.
  path: Assets/Polytope Studio/Lowpoly Medieval Environments/Sources/Meshes/Trees/PT_Pine_Tree_03_dead_cut.fbx
  artifactKey: Guid(3b8d3c0077d69eb4db5ee5754518f067) Importer(815301076,1909f56bfc062723c751e8b465ee728b)
Start importing Assets/Polytope Studio/Lowpoly Medieval Environments/Sources/Meshes/Trees/PT_Pine_Tree_03_dead_cut.fbx using Guid(3b8d3c0077d69eb4db5ee5754518f067) Importer(815301076,1909f56bfc062723c751e8b465ee728b)  -> (artifact id: 'b9596e36d4f8224e4425afca1bf7d927') in 0.017033 seconds 
========================================================================
Received Import Request.
  Time since last request: 0.000017 seconds.
  path: Assets/Polytope Studio/Lowpoly Medieval Environments/Sources/Meshes/Rocks/PT_Menhir_Rock_02.fbx
  artifactKey: Guid(e0fe1b80592a0144babd1bf297ad32ad) Importer(815301076,1909f56bfc062723c751e8b465ee728b)
Start importing Assets/Polytope Studio/Lowpoly Medieval Environments/Sources/Meshes/Rocks/PT_Menhir_Rock_02.fbx using Guid(e0fe1b80592a0144babd1bf297ad32ad) Importer(815301076,1909f56bfc062723c751e8b465ee728b)  -> (artifact id: 'b8f045c06ab5e7515ba82dbfbff3cc80') in 0.041382 seconds 
========================================================================
Received Import Request.
  Time since last request: 0.000014 seconds.
  path: Assets/Polytope Studio/Lowpoly Medieval Environments/Sources/Meshes/Trees/PT_Pine_Tree_03_green_cut.fbx
  artifactKey: Guid(2a5e649cde00dd847885c694eb77f1fb) Importer(815301076,1909f56bfc062723c751e8b465ee728b)
Start importing Assets/Polytope Studio/Lowpoly Medieval Environments/Sources/Meshes/Trees/PT_Pine_Tree_03_green_cut.fbx using Guid(2a5e649cde00dd847885c694eb77f1fb) Importer(815301076,1909f56bfc062723c751e8b465ee728b)  -> (artifact id: 'a021286f27c27a2fc156c86ef3f27a76') in 0.020658 seconds 
========================================================================
Received Import Request.
  Time since last request: 0.000018 seconds.
  path: Assets/Polytope Studio/Lowpoly Medieval Environments/Sources/Meshes/Trees/PT_Pine_Tree_03_stump.fbx
  artifactKey: Guid(13bd9962aed9bef41bc2dd73a559c317) Importer(815301076,1909f56bfc062723c751e8b465ee728b)
Start importing Assets/Polytope Studio/Lowpoly Medieval Environments/Sources/Meshes/Trees/PT_Pine_Tree_03_stump.fbx using Guid(13bd9962aed9bef41bc2dd73a559c317) Importer(815301076,1909f56bfc062723c751e8b465ee728b)  -> (artifact id: '5e59b32b7aea98ff6e4d7b0bde5c5cb6') in 0.021920 seconds 
========================================================================
Received Import Request.
  Time since last request: 0.000017 seconds.
  path: Assets/Polytope Studio/Lowpoly Medieval Environments/Sources/Meshes/Shrubs/PT_Generic_Shrub_01_green.fbx
  artifactKey: Guid(cc43ed905f6a9d24a86d3eb531265e85) Importer(815301076,1909f56bfc062723c751e8b465ee728b)
Start importing Assets/Polytope Studio/Lowpoly Medieval Environments/Sources/Meshes/Shrubs/PT_Generic_Shrub_01_green.fbx using Guid(cc43ed905f6a9d24a86d3eb531265e85) Importer(815301076,1909f56bfc062723c751e8b465ee728b)  -> (artifact id: 'bdbae59536542e412496bf0db656d881') in 0.037584 seconds 
========================================================================
Received Import Request.
  Time since last request: 0.000014 seconds.
  path: Assets/Polytope Studio/Lowpoly Medieval Environments/Sources/Meshes/Trees/PT_Fruit_Tree_01_dead.fbx
  artifactKey: Guid(3ebf65d3a6489594ca09a35d85d43b0a) Importer(815301076,1909f56bfc062723c751e8b465ee728b)
Start importing Assets/Polytope Studio/Lowpoly Medieval Environments/Sources/Meshes/Trees/PT_Fruit_Tree_01_dead.fbx using Guid(3ebf65d3a6489594ca09a35d85d43b0a) Importer(815301076,1909f56bfc062723c751e8b465ee728b)  -> (artifact id: 'b058195ddb2e4bd6455148ac5fc4334b') in 0.035240 seconds 
========================================================================
Received Import Request.
  Time since last request: 0.000015 seconds.
  path: Assets/Polytope Studio/Lowpoly Medieval Village/Sources/Meshes/PT_Medieval_Village_Fence_01.fbx
  artifactKey: Guid(ed920bad5318ee347ad3e34dd82e273f) Importer(815301076,1909f56bfc062723c751e8b465ee728b)
Start importing Assets/Polytope Studio/Lowpoly Medieval Village/Sources/Meshes/PT_Medieval_Village_Fence_01.fbx using Guid(ed920bad5318ee347ad3e34dd82e273f) Importer(815301076,1909f56bfc062723c751e8b465ee728b)  -> (artifact id: '44c84ee695782427eb13058aa192c6ef') in 0.020209 seconds 
========================================================================
Received Import Request.
  Time since last request: 0.000015 seconds.
  path: Assets/Polytope Studio/Lowpoly Medieval Village/Sources/Meshes/PT_Medieval_Village_Fence_03.fbx
  artifactKey: Guid(955f7ab7f12013b42b2aa2e494846f3a) Importer(815301076,1909f56bfc062723c751e8b465ee728b)
Start importing Assets/Polytope Studio/Lowpoly Medieval Village/Sources/Meshes/PT_Medieval_Village_Fence_03.fbx using Guid(955f7ab7f12013b42b2aa2e494846f3a) Importer(815301076,1909f56bfc062723c751e8b465ee728b)  -> (artifact id: '989bf03ae40d0dc7e61fdf955000df05') in 0.011613 seconds 
========================================================================
Received Import Request.
  Time since last request: 0.000026 seconds.
  path: Assets/Polytope Studio/Lowpoly Medieval Environments/Sources/Meshes/Trees/PT_Pine_Tree_03_dead.fbx
  artifactKey: Guid(021e9eaa88033da4c94bcdeddffe6562) Importer(815301076,1909f56bfc062723c751e8b465ee728b)
Start importing Assets/Polytope Studio/Lowpoly Medieval Environments/Sources/Meshes/Trees/PT_Pine_Tree_03_dead.fbx using Guid(021e9eaa88033da4c94bcdeddffe6562) Importer(815301076,1909f56bfc062723c751e8b465ee728b)  -> (artifact id: 'fb36abde87fd2265e59e1de45b3b73f0') in 0.039770 seconds 
========================================================================
Received Import Request.
  Time since last request: 0.070641 seconds.
  path: Assets/Polytope Studio/Lowpoly Medieval Demos/Environment_Free/Plane mat.mat
  artifactKey: Guid(4c216a70af6ef22419431af877580ddb) Importer(815301076,1909f56bfc062723c751e8b465ee728b)
Start importing Assets/Polytope Studio/Lowpoly Medieval Demos/Environment_Free/Plane mat.mat using Guid(4c216a70af6ef22419431af877580ddb) Importer(815301076,1909f56bfc062723c751e8b465ee728b)  -> (artifact id: 'a5cd97fdd5ce7abef3d93268d49cd87f') in 0.026691 seconds 
========================================================================
Received Import Request.
  Time since last request: 0.000018 seconds.
  path: Assets/Polytope Studio/Lowpoly Medieval Environments/Sources/Materials/PT_Fruit_Tree_Opaque_mat.mat
  artifactKey: Guid(3922c043c1c52cb47a7b1bfed562a4b6) Importer(815301076,1909f56bfc062723c751e8b465ee728b)
Start importing Assets/Polytope Studio/Lowpoly Medieval Environments/Sources/Materials/PT_Fruit_Tree_Opaque_mat.mat using Guid(3922c043c1c52cb47a7b1bfed562a4b6) Importer(815301076,1909f56bfc062723c751e8b465ee728b)  -> (artifact id: 'be05d0b7d7a1e184dff7d0a858f3b2b9') in 0.011406 seconds 
========================================================================
Received Import Request.
  Time since last request: 0.000015 seconds.
  path: Assets/Polytope Studio/Lowpoly Medieval Environments/Sources/Materials/PT_Pine_Tree_Trunk_Mat.mat
  artifactKey: Guid(f43a7dc4f39c5654a8211b83259e32a9) Importer(815301076,1909f56bfc062723c751e8b465ee728b)
Start importing Assets/Polytope Studio/Lowpoly Medieval Environments/Sources/Materials/PT_Pine_Tree_Trunk_Mat.mat using Guid(f43a7dc4f39c5654a8211b83259e32a9) Importer(815301076,1909f56bfc062723c751e8b465ee728b)  -> (artifact id: '65ce688b0b612239a58c6b2c6a85eac7') in 0.012619 seconds 
========================================================================
Received Import Request.
  Time since last request: 0.000015 seconds.
  path: Assets/Polytope Studio/Lowpoly Medieval Village/Sources/Materials/PT_Medieval_mat.mat
  artifactKey: Guid(56532089e45dbc1479865e115cc8c637) Importer(815301076,1909f56bfc062723c751e8b465ee728b)
Start importing Assets/Polytope Studio/Lowpoly Medieval Village/Sources/Materials/PT_Medieval_mat.mat using Guid(56532089e45dbc1479865e115cc8c637) Importer(815301076,1909f56bfc062723c751e8b465ee728b)  -> (artifact id: 'f2d494352283dc9c8bbed77a91111aa0') in 0.012119 seconds 
========================================================================
Received Import Request.
  Time since last request: 0.000017 seconds.
  path: Assets/Polytope Studio/Lowpoly Medieval Environments/Sources/Materials/PT_Water_mat.mat
  artifactKey: Guid(3e36df56c6fa5f64085c14d9d4f6f8d9) Importer(815301076,1909f56bfc062723c751e8b465ee728b)
Start importing Assets/Polytope Studio/Lowpoly Medieval Environments/Sources/Materials/PT_Water_mat.mat using Guid(3e36df56c6fa5f64085c14d9d4f6f8d9) Importer(815301076,1909f56bfc062723c751e8b465ee728b)  -> (artifact id: '285a96e4f966c77ca330865097491442') in 0.012667 seconds 
========================================================================
Received Import Request.
  Time since last request: 0.000017 seconds.
  path: Assets/Polytope Studio/Lowpoly Medieval Environments/Sources/Materials/PT_Fruit_Tree_Foliage_Mat.mat
  artifactKey: Guid(0a1f44318dd467a45bfef81ad0e8855a) Importer(815301076,1909f56bfc062723c751e8b465ee728b)
Start importing Assets/Polytope Studio/Lowpoly Medieval Environments/Sources/Materials/PT_Fruit_Tree_Foliage_Mat.mat using Guid(0a1f44318dd467a45bfef81ad0e8855a) Importer(815301076,1909f56bfc062723c751e8b465ee728b)  -> (artifact id: '58778548b18713f6aa6d673b4c362784') in 0.014050 seconds 
========================================================================
Received Import Request.
  Time since last request: 0.000019 seconds.
  path: Assets/Polytope Studio/Lowpoly Medieval Environments/Sources/Materials/PT_Poppy_mat.mat
  artifactKey: Guid(67c85a5a0248e2a4a98e653c8e7eeb9e) Importer(815301076,1909f56bfc062723c751e8b465ee728b)
Start importing Assets/Polytope Studio/Lowpoly Medieval Environments/Sources/Materials/PT_Poppy_mat.mat using Guid(67c85a5a0248e2a4a98e653c8e7eeb9e) Importer(815301076,1909f56bfc062723c751e8b465ee728b)  -> (artifact id: '2eb7282631437069e47ba239639c69d3') in 0.014395 seconds 
========================================================================
Received Import Request.
  Time since last request: 0.000034 seconds.
  path: Assets/Polytope Studio/Lowpoly Medieval Environments/Sources/Materials/PT_Pine_Tree_Leaves_Mat.mat
  artifactKey: Guid(823cb446423dd7747b7454d5cf133e75) Importer(815301076,1909f56bfc062723c751e8b465ee728b)
Start importing Assets/Polytope Studio/Lowpoly Medieval Environments/Sources/Materials/PT_Pine_Tree_Leaves_Mat.mat using Guid(823cb446423dd7747b7454d5cf133e75) Importer(815301076,1909f56bfc062723c751e8b465ee728b)  -> (artifact id: '617f768ebb7ded2a400a2a296117ed6c') in 0.015865 seconds 
========================================================================
Received Import Request.
  Time since last request: 0.000024 seconds.
  path: Assets/Polytope Studio/Lowpoly Medieval Environments/Sources/Materials/PT_Generic_Tree_Trunk_mat.mat
  artifactKey: Guid(e6ce4253a748b0849a04b87f33cc539d) Importer(815301076,1909f56bfc062723c751e8b465ee728b)
Start importing Assets/Polytope Studio/Lowpoly Medieval Environments/Sources/Materials/PT_Generic_Tree_Trunk_mat.mat using Guid(e6ce4253a748b0849a04b87f33cc539d) Importer(815301076,1909f56bfc062723c751e8b465ee728b)  -> (artifact id: '100adf474de486c37697fd09d0ce4ab4') in 0.013163 seconds 
========================================================================
Received Import Request.
  Time since last request: 0.000014 seconds.
  path: Assets/Polytope Studio/Lowpoly Medieval Demos/Environment_Free/PT_Generic_Tree_Leaves_mat 2.mat
  artifactKey: Guid(40e61747f5ab72d409498dd1603b8289) Importer(815301076,1909f56bfc062723c751e8b465ee728b)
Start importing Assets/Polytope Studio/Lowpoly Medieval Demos/Environment_Free/PT_Generic_Tree_Leaves_mat 2.mat using Guid(40e61747f5ab72d409498dd1603b8289) Importer(815301076,1909f56bfc062723c751e8b465ee728b)  -> (artifact id: '4ec766a4a4a79cbeae31c12357c35af2') in 0.013874 seconds 
========================================================================
Received Import Request.
  Time since last request: 0.000016 seconds.
  path: Assets/Polytope Studio/Lowpoly Medieval Environments/Sources/Materials/PT_Skybox_mat.mat
  artifactKey: Guid(59573b088aaea0442bf29e0a0e9d1339) Importer(815301076,1909f56bfc062723c751e8b465ee728b)
Start importing Assets/Polytope Studio/Lowpoly Medieval Environments/Sources/Materials/PT_Skybox_mat.mat using Guid(59573b088aaea0442bf29e0a0e9d1339) Importer(815301076,1909f56bfc062723c751e8b465ee728b)  -> (artifact id: '59d8f4287d7a1c101e249d24178235b6') in 0.053930 seconds 
========================================================================
Received Import Request.
  Time since last request: 4.039432 seconds.
  path: Assets/Well/Demo/Textures/Sunny_01B_back.png
  artifactKey: Guid(0d5b8c189bf26af42a80b400c4225d81) Importer(815301076,1909f56bfc062723c751e8b465ee728b)
Start importing Assets/Well/Demo/Textures/Sunny_01B_back.png using Guid(0d5b8c189bf26af42a80b400c4225d81) Importer(815301076,1909f56bfc062723c751e8b465ee728b)  -> (artifact id: '30ecdcc133c23b8d3c1eb94b420c41f6') in 0.018289 seconds 
========================================================================
Received Import Request.
  Time since last request: 0.000020 seconds.
  path: Assets/Well/Demo/Textures/Sunny_01B_right.png
  artifactKey: Guid(bc799a39679ce7c4986b3c5555037b2b) Importer(815301076,1909f56bfc062723c751e8b465ee728b)
Start importing Assets/Well/Demo/Textures/Sunny_01B_right.png using Guid(bc799a39679ce7c4986b3c5555037b2b) Importer(815301076,1909f56bfc062723c751e8b465ee728b)  -> (artifact id: 'b9658bce79114e6242ea1b34ebffb7e4') in 0.024981 seconds 
========================================================================
Received Import Request.
  Time since last request: 0.000014 seconds.
  path: Assets/Well/Demo/Textures/Sunny_01B_left.png
  artifactKey: Guid(a251aefa0f51a1e4eb6745f884ed95fb) Importer(815301076,1909f56bfc062723c751e8b465ee728b)
Start importing Assets/Well/Demo/Textures/Sunny_01B_left.png using Guid(a251aefa0f51a1e4eb6745f884ed95fb) Importer(815301076,1909f56bfc062723c751e8b465ee728b)  -> (artifact id: '480d7674a465d050e575f2da13bd0b24') in 0.008853 seconds 
========================================================================
Received Prepare
Registering precompiled user dll's ...
Registered in 0.004670 seconds.
Begin MonoManager ReloadAssembly
Symbol file LoadedFromMemory doesn't match image C:\Users\Zouzh\Desktop\2023-BrisHack\2023-BrisHack\Hack\Library\PackageCache\com.unity.visualscripting@1.8.0\Editor\VisualScripting.Core\Dependencies\YamlDotNet\Unity.VisualScripting.YamlDotNet.dll
Symbol file LoadedFromMemory doesn't match image C:\Users\Zouzh\Desktop\2023-BrisHack\2023-BrisHack\Hack\Library\PackageCache\com.unity.visualscripting@1.8.0\Editor\VisualScripting.Core\Dependencies\DotNetZip\Unity.VisualScripting.IonicZip.dll
Native extension for WindowsStandalone target not found
Native extension for Android target not found
Refreshing native plugins compatible for Editor in 0.44 ms, found 3 plugins.
Preloading 0 native plugins for Editor in 0.00 ms.
Mono: successfully reloaded assembly
- Completed reload, in  0.919 seconds
Domain Reload Profiling:
	ReloadAssembly (920ms)
		BeginReloadAssembly (124ms)
			ExecutionOrderSort (0ms)
			DisableScriptedObjects (4ms)
			BackupInstance (0ms)
			ReleaseScriptingObjects (0ms)
			CreateAndSetChildDomain (29ms)
		EndReloadAssembly (697ms)
			LoadAssemblies (80ms)
			RebuildTransferFunctionScriptingTraits (0ms)
			SetupTypeCache (259ms)
			ReleaseScriptCaches (1ms)
			RebuildScriptCaches (35ms)
			SetupLoadedEditorAssemblies (272ms)
				LogAssemblyErrors (0ms)
				InitializePlatformSupportModulesInManaged (24ms)
				SetLoadedEditorAssemblies (0ms)
				RefreshPlugins (0ms)
				BeforeProcessingInitializeOnLoad (56ms)
				ProcessInitializeOnLoadAttributes (164ms)
				ProcessInitializeOnLoadMethodAttributes (18ms)
				AfterProcessingInitializeOnLoad (9ms)
				EditorAssembliesLoaded (0ms)
			ExecutionOrderSort2 (0ms)
			AwakeInstancesAfterBackupRestoration (6ms)
Platform modules already initialized, skipping
Refreshing native plugins compatible for Editor in 1.37 ms, found 3 plugins.
Preloading 0 native plugins for Editor in 0.00 ms.
Unloading 3044 Unused Serialized files (Serialized files now loaded: 0)
Unloading 17 unused Assets / (82.1 KB). Loaded Objects now: 3590.
Memory consumption went from 180.6 MB to 180.5 MB.
Total: 2.737000 ms (FindLiveObjects: 0.225100 ms CreateObjectMapping: 0.135500 ms MarkObjects: 2.281900 ms  DeleteObjects: 0.093800 ms)

AssetImportParameters requested are different than current active one (requested -> active):
  custom:video-decoder-ogg-theora: a1e56fd34408186e4bbccfd4996cb3dc -> 
  custom:container-muxer-webm: aa71ff27fc2769a1b78a27578f13a17b -> 
  custom:container-demuxer-webm: 4f35f7cbe854078d1ac9338744f61a02 -> 
  custom:video-encoder-webm-vp8: eb34c28f22e8b96e1ab97ce403110664 -> 
  custom:video-codec-MediaFoundation-h265: 746d11721c4dcdbdad8f713fa42b33f4 -> 
  custom:audio-encoder-webm-vorbis: bf7c407c2cedff20999df2af8eb42d56 -> 
  custom:framework-win-MediaFoundation: 216162199b28c13a410421893ffa2e32 -> 
  custom:container-demuxer-ogg: 62fdf1f143b41e24485cea50d1cbac27 -> 
  custom:video-decoder-webm-vp8: 9c59270c3fd7afecdb556c50c9e8de78 -> 
  custom:audio-decoder-ogg-vorbis: bf7c407c2cedff20999df2af8eb42d56 -> 
