Using pre-set license
Built from '2021.3/staging' branch; Version is '2021.3.19f1 (c9714fde33b6) revision 13201743'; Using compiler version '192829333'; Build Type 'Release'
OS: 'Windows 10  (10.0.19045) 64bit Professional' Language: 'en' Physical Memory: 65337 MB
BatchMode: 1, IsHumanControllingUs: 0, StartBugReporterOnCrash: 0, Is64bit: 1, IsPro: 1

COMMAND LINE ARGUMENTS:
C:\Program Files\Unity\Hub\Editor\2021.3.19f1\Editor\Unity.exe
-adb2
-batchMode
-noUpm
-name
AssetImportWorker0
-projectPath
C:/Users/Zouzh/Desktop/2023-BrisHack/2023-BrisHack/BrisHack
-logFile
Logs/AssetImportWorker0.log
-srvPort
61794
Successfully changed project path to: C:/Users/Zouzh/Desktop/2023-BrisHack/2023-BrisHack/BrisHack
C:/Users/Zouzh/Desktop/2023-BrisHack/2023-BrisHack/BrisHack
[UnityMemory] Configuration Parameters - Can be set up in boot.config
    "memorysetup-bucket-allocator-granularity=16"
    "memorysetup-bucket-allocator-bucket-count=8"
    "memorysetup-bucket-allocator-block-size=33554432"
    "memorysetup-bucket-allocator-block-count=8"
    "memorysetup-main-allocator-block-size=16777216"
    "memorysetup-thread-allocator-block-size=16777216"
    "memorysetup-gfx-main-allocator-block-size=16777216"
    "memorysetup-gfx-thread-allocator-block-size=16777216"
    "memorysetup-cache-allocator-block-size=4194304"
    "memorysetup-typetree-allocator-block-size=2097152"
    "memorysetup-profiler-bucket-allocator-granularity=16"
    "memorysetup-profiler-bucket-allocator-bucket-count=8"
    "memorysetup-profiler-bucket-allocator-block-size=33554432"
    "memorysetup-profiler-bucket-allocator-block-count=8"
    "memorysetup-profiler-allocator-block-size=16777216"
    "memorysetup-profiler-editor-allocator-block-size=1048576"
    "memorysetup-temp-allocator-size-main=16777216"
    "memorysetup-job-temp-allocator-block-size=2097152"
    "memorysetup-job-temp-allocator-block-size-background=1048576"
    "memorysetup-job-temp-allocator-reduction-small-platforms=262144"
    "memorysetup-temp-allocator-size-background-worker=32768"
    "memorysetup-temp-allocator-size-job-worker=262144"
    "memorysetup-temp-allocator-size-preload-manager=33554432"
    "memorysetup-temp-allocator-size-nav-mesh-worker=65536"
    "memorysetup-temp-allocator-size-audio-worker=65536"
    "memorysetup-temp-allocator-size-cloud-worker=32768"
    "memorysetup-temp-allocator-size-gi-baking-worker=262144"
    "memorysetup-temp-allocator-size-gfx=262144"
Player connection [27408] Host "[IP] 192.168.56.1 [Port] 0 [Flags] 2 [Guid] 4147571410 [EditorId] 4147571410 [Version] 1048832 [Id] WindowsEditor(7,DESKTOP-5G57NGQ) [Debug] 1 [PackageName] WindowsEditor [ProjectName] Editor" joined multi-casting on [225.0.0.222:54997]...

Player connection [27408] Host "[IP] 192.168.56.1 [Port] 0 [Flags] 2 [Guid] 4147571410 [EditorId] 4147571410 [Version] 1048832 [Id] WindowsEditor(7,DESKTOP-5G57NGQ) [Debug] 1 [PackageName] WindowsEditor [ProjectName] Editor" joined alternative multi-casting on [225.0.0.222:34997]...

Refreshing native plugins compatible for Editor in 70.94 ms, found 3 plugins.
Preloading 0 native plugins for Editor in 0.00 ms.
Initialize engine version: 2021.3.19f1 (c9714fde33b6)
[Subsystems] Discovering subsystems at path C:/Program Files/Unity/Hub/Editor/2021.3.19f1/Editor/Data/Resources/UnitySubsystems
[Subsystems] Discovering subsystems at path C:/Users/Zouzh/Desktop/2023-BrisHack/2023-BrisHack/BrisHack/Assets
GfxDevice: creating device client; threaded=0; jobified=0
Direct3D:
    Version:  Direct3D 11.0 [level 11.1]
    Renderer: NVIDIA GeForce RTX 2080 (ID=0x1ed0)
    Vendor:   NVIDIA
    VRAM:     8002 MB
    Driver:   31.0.15.2849
Initialize mono
Mono path[0] = 'C:/Program Files/Unity/Hub/Editor/2021.3.19f1/Editor/Data/Managed'
Mono path[1] = 'C:/Program Files/Unity/Hub/Editor/2021.3.19f1/Editor/Data/MonoBleedingEdge/lib/mono/unityjit-win32'
Mono config path = 'C:/Program Files/Unity/Hub/Editor/2021.3.19f1/Editor/Data/MonoBleedingEdge/etc'
Using monoOptions --debugger-agent=transport=dt_socket,embedding=1,server=y,suspend=n,address=127.0.0.1:56844
Begin MonoManager ReloadAssembly
Registering precompiled unity dll's ...
Register platform support module: C:/Program Files/Unity/Hub/Editor/2021.3.19f1/Editor/Data/PlaybackEngines/AndroidPlayer/UnityEditor.Android.Extensions.dll
Register platform support module: C:/Program Files/Unity/Hub/Editor/2021.3.19f1/Editor/Data/PlaybackEngines/WindowsStandaloneSupport/UnityEditor.WindowsStandalone.Extensions.dll
Registered in 0.007676 seconds.
Native extension for WindowsStandalone target not found
Native extension for Android target not found
Android Extension - Scanning For ADB Devices 243 ms
Refreshing native plugins compatible for Editor in 72.71 ms, found 3 plugins.
Preloading 0 native plugins for Editor in 0.00 ms.
Mono: successfully reloaded assembly
- Completed reload, in  0.834 seconds
Domain Reload Profiling:
	ReloadAssembly (835ms)
		BeginReloadAssembly (67ms)
			ExecutionOrderSort (0ms)
			DisableScriptedObjects (0ms)
			BackupInstance (0ms)
			ReleaseScriptingObjects (0ms)
			CreateAndSetChildDomain (1ms)
		EndReloadAssembly (670ms)
			LoadAssemblies (65ms)
			RebuildTransferFunctionScriptingTraits (0ms)
			SetupTypeCache (103ms)
			ReleaseScriptCaches (0ms)
			RebuildScriptCaches (24ms)
			SetupLoadedEditorAssemblies (500ms)
				LogAssemblyErrors (0ms)
				InitializePlatformSupportModulesInManaged (309ms)
				SetLoadedEditorAssemblies (0ms)
				RefreshPlugins (73ms)
				BeforeProcessingInitializeOnLoad (1ms)
				ProcessInitializeOnLoadAttributes (80ms)
				ProcessInitializeOnLoadMethodAttributes (36ms)
				AfterProcessingInitializeOnLoad (0ms)
				EditorAssembliesLoaded (0ms)
			ExecutionOrderSort2 (0ms)
			AwakeInstancesAfterBackupRestoration (0ms)
Platform modules already initialized, skipping
Registering precompiled user dll's ...
Registered in 0.004577 seconds.
Begin MonoManager ReloadAssembly
Symbol file LoadedFromMemory doesn't match image C:\Users\Zouzh\Desktop\2023-BrisHack\2023-BrisHack\BrisHack\Library\PackageCache\com.unity.visualscripting@1.8.0\Editor\VisualScripting.Core\Dependencies\YamlDotNet\Unity.VisualScripting.YamlDotNet.dll
Symbol file LoadedFromMemory doesn't match image C:\Users\Zouzh\Desktop\2023-BrisHack\2023-BrisHack\BrisHack\Library\PackageCache\com.unity.visualscripting@1.8.0\Editor\VisualScripting.Core\Dependencies\DotNetZip\Unity.VisualScripting.IonicZip.dll
Native extension for WindowsStandalone target not found
Native extension for Android target not found
Refreshing native plugins compatible for Editor in 0.52 ms, found 3 plugins.
Preloading 0 native plugins for Editor in 0.00 ms.
Mono: successfully reloaded assembly
- Completed reload, in  0.988 seconds
Domain Reload Profiling:
	ReloadAssembly (988ms)
		BeginReloadAssembly (98ms)
			ExecutionOrderSort (0ms)
			DisableScriptedObjects (5ms)
			BackupInstance (0ms)
			ReleaseScriptingObjects (0ms)
			CreateAndSetChildDomain (19ms)
		EndReloadAssembly (785ms)
			LoadAssemblies (71ms)
			RebuildTransferFunctionScriptingTraits (0ms)
			SetupTypeCache (249ms)
			ReleaseScriptCaches (1ms)
			RebuildScriptCaches (50ms)
			SetupLoadedEditorAssemblies (358ms)
				LogAssemblyErrors (0ms)
				InitializePlatformSupportModulesInManaged (19ms)
				SetLoadedEditorAssemblies (0ms)
				RefreshPlugins (1ms)
				BeforeProcessingInitializeOnLoad (86ms)
				ProcessInitializeOnLoadAttributes (220ms)
				ProcessInitializeOnLoadMethodAttributes (19ms)
				AfterProcessingInitializeOnLoad (12ms)
				EditorAssembliesLoaded (0ms)
			ExecutionOrderSort2 (0ms)
			AwakeInstancesAfterBackupRestoration (8ms)
Platform modules already initialized, skipping
========================================================================
Worker process is ready to serve import requests
Launched and connected shader compiler UnityShaderCompiler.exe after 0.04 seconds
Refreshing native plugins compatible for Editor in 0.56 ms, found 3 plugins.
Preloading 0 native plugins for Editor in 0.00 ms.
Unloading 3047 Unused Serialized files (Serialized files now loaded: 0)
Unloading 24 unused Assets / (113.9 KB). Loaded Objects now: 3522.
Memory consumption went from 113.6 MB to 113.4 MB.
Total: 2.844900 ms (FindLiveObjects: 0.240100 ms CreateObjectMapping: 0.195700 ms MarkObjects: 2.303100 ms  DeleteObjects: 0.105300 ms)

AssetImportParameters requested are different than current active one (requested -> active):
  custom:video-decoder-ogg-theora: a1e56fd34408186e4bbccfd4996cb3dc -> 
  custom:container-muxer-webm: aa71ff27fc2769a1b78a27578f13a17b -> 
  custom:container-demuxer-webm: 4f35f7cbe854078d1ac9338744f61a02 -> 
  custom:video-encoder-webm-vp8: eb34c28f22e8b96e1ab97ce403110664 -> 
  custom:video-codec-MediaFoundation-h265: 746d11721c4dcdbdad8f713fa42b33f4 -> 
  custom:audio-encoder-webm-vorbis: bf7c407c2cedff20999df2af8eb42d56 -> 
  custom:framework-win-MediaFoundation: 216162199b28c13a410421893ffa2e32 -> 
  custom:container-demuxer-ogg: 62fdf1f143b41e24485cea50d1cbac27 -> 
  custom:video-decoder-webm-vp8: 9c59270c3fd7afecdb556c50c9e8de78 -> 
  custom:audio-decoder-ogg-vorbis: bf7c407c2cedff20999df2af8eb42d56 -> 
========================================================================
Received Import Request.
  Time since last request: 8812.595717 seconds.
  path: Assets/SkythianCat/Hand_Painted_Nature_Kit_LITE/DEMO/Demo_terrain.asset
  artifactKey: Guid(e8dfda675d4b6b045a1a927e19caffc4) Importer(815301076,1909f56bfc062723c751e8b465ee728b)
Start importing Assets/SkythianCat/Hand_Painted_Nature_Kit_LITE/DEMO/Demo_terrain.asset using Guid(e8dfda675d4b6b045a1a927e19caffc4) Importer(815301076,1909f56bfc062723c751e8b465ee728b) The tree Boletus_edulis01 must use the Nature/Soft Occlusion shader. Otherwise billboarding/lighting will not work correctly.
The tree Pine01 must use the Nature/Soft Occlusion shader. Otherwise billboarding/lighting will not work correctly.
The tree Cedar03 must use the Nature/Soft Occlusion shader. Otherwise billboarding/lighting will not work correctly.
The tree Larch01 must use the Nature/Soft Occlusion shader. Otherwise billboarding/lighting will not work correctly.
 -> (artifact id: '4bac95bc3ec44ff68162e6d6840fe9a4') in 0.093223 seconds 
========================================================================
Received Import Request.
  Time since last request: 0.000034 seconds.
  path: Assets/SkythianCat/Hand_Painted_Nature_Kit_LITE/DEMO/Demo_scene.unity
  artifactKey: Guid(2b90041c02fa0424794af2d500508091) Importer(815301076,1909f56bfc062723c751e8b465ee728b)
Start importing Assets/SkythianCat/Hand_Painted_Nature_Kit_LITE/DEMO/Demo_scene.unity using Guid(2b90041c02fa0424794af2d500508091) Importer(815301076,1909f56bfc062723c751e8b465ee728b)  -> (artifact id: 'e4e7fcaa894591565015c5921a26e70b') in 0.005138 seconds 
========================================================================
Received Import Request.
  Time since last request: 3.600830 seconds.
  path: Assets/Scenes/SampleScene.unity
  artifactKey: Guid(9fc0d4010bbf28b4594072e72b8655ab) Importer(815301076,1909f56bfc062723c751e8b465ee728b)
Start importing Assets/Scenes/SampleScene.unity using Guid(9fc0d4010bbf28b4594072e72b8655ab) Importer(815301076,1909f56bfc062723c751e8b465ee728b)  -> (artifact id: '25322d8866b1e550d51364acd467c703') in 0.004956 seconds 
========================================================================
Received Import Request.
  Time since last request: 605.887046 seconds.
  path: Assets/GrassFlowers/Post-Processing For GrassFlowers.asset
  artifactKey: Guid(150fbd13cfcddb34ebc82b228a769165) Importer(815301076,1909f56bfc062723c751e8b465ee728b)
Start importing Assets/GrassFlowers/Post-Processing For GrassFlowers.asset using Guid(150fbd13cfcddb34ebc82b228a769165) Importer(815301076,1909f56bfc062723c751e8b465ee728b)  -> (artifact id: '47c964b2f79ca6216133463116856ada') in 0.006030 seconds 
========================================================================
Received Import Request.
  Time since last request: 5.092902 seconds.
  path: Assets/Baker House/Materials/Baker_house.mat
  artifactKey: Guid(c79030977bbf33e4397f1417b86e5789) Importer(815301076,1909f56bfc062723c751e8b465ee728b)
Start importing Assets/Baker House/Materials/Baker_house.mat using Guid(c79030977bbf33e4397f1417b86e5789) Importer(815301076,1909f56bfc062723c751e8b465ee728b)  -> (artifact id: '394f91c3d22c25f564a74ec8c926bffd') in 0.060858 seconds 
========================================================================
Received Import Request.
  Time since last request: 0.925971 seconds.
  path: Assets/Baker House/Models/Baker_house.FBX
  artifactKey: Guid(e36cf732b73e87f458b5e69d2c1f6417) Importer(815301076,1909f56bfc062723c751e8b465ee728b)
Start importing Assets/Baker House/Models/Baker_house.FBX using Guid(e36cf732b73e87f458b5e69d2c1f6417) Importer(815301076,1909f56bfc062723c751e8b465ee728b)  -> (artifact id: '4015d863f75762e46033361460a3ca98') in 0.307177 seconds 
========================================================================
Received Import Request.
  Time since last request: 1.307409 seconds.
  path: Assets/Baker House/Prefabs/Baker_house.prefab
  artifactKey: Guid(1bbb91c8d96cb2446a07151ce95d1f0f) Importer(815301076,1909f56bfc062723c751e8b465ee728b)
Start importing Assets/Baker House/Prefabs/Baker_house.prefab using Guid(1bbb91c8d96cb2446a07151ce95d1f0f) Importer(815301076,1909f56bfc062723c751e8b465ee728b)  -> (artifact id: '519a722e1645ab3c8ed3fe4977aac5da') in 0.011730 seconds 
========================================================================
Received Import Request.
  Time since last request: 0.609846 seconds.
  path: Assets/Baker House/Textures/Baker_house.tif
  artifactKey: Guid(87eda9aa615f5e246ba04794b538dc0b) Importer(815301076,1909f56bfc062723c751e8b465ee728b)
Start importing Assets/Baker House/Textures/Baker_house.tif using Guid(87eda9aa615f5e246ba04794b538dc0b) Importer(815301076,1909f56bfc062723c751e8b465ee728b)  -> (artifact id: 'e915ff1a6502a5f09657b6d7d9f9d0a1') in 0.012493 seconds 
========================================================================
Received Import Request.
  Time since last request: 15.400858 seconds.
  path: Assets/Baker House/Scene.unity
  artifactKey: Guid(24ac0c904ed764246a7a97d020a563e0) Importer(815301076,1909f56bfc062723c751e8b465ee728b)
Start importing Assets/Baker House/Scene.unity using Guid(24ac0c904ed764246a7a97d020a563e0) Importer(815301076,1909f56bfc062723c751e8b465ee728b)  -> (artifact id: 'a993baf1585a7d32f5740e7ab20278ac') in 0.005010 seconds 
========================================================================
Received Import Request.
  Time since last request: 309.550490 seconds.
  path: Assets/Well/Demo/New Terrain.asset
  artifactKey: Guid(9074724134e1dd94b9267fd82f83dce6) Importer(815301076,1909f56bfc062723c751e8b465ee728b)
Start importing Assets/Well/Demo/New Terrain.asset using Guid(9074724134e1dd94b9267fd82f83dce6) Importer(815301076,1909f56bfc062723c751e8b465ee728b) The tree Pine_tree must use the Nature/Soft Occlusion shader. Otherwise billboarding/lighting will not work correctly.
 -> (artifact id: '29e0db818f78cc21c61639c52bc9c305') in 0.126701 seconds 
========================================================================
Received Import Request.
  Time since last request: 29.360845 seconds.
  path: Assets/Well/Demo/Materials
  artifactKey: Guid(ffc2a17a6336b644c875eeb9c202f342) Importer(815301076,1909f56bfc062723c751e8b465ee728b)
Start importing Assets/Well/Demo/Materials using Guid(ffc2a17a6336b644c875eeb9c202f342) Importer(815301076,1909f56bfc062723c751e8b465ee728b)  -> (artifact id: '9806345e78d34e2f3a84c3269c5f0bda') in 0.005687 seconds 
========================================================================
Received Import Request.
  Time since last request: 0.177990 seconds.
  path: Assets/Well/Demo/Materials/Pine_tree.mat
  artifactKey: Guid(da0996394339e674e9302191a7038ccc) Importer(815301076,1909f56bfc062723c751e8b465ee728b)
Start importing Assets/Well/Demo/Materials/Pine_tree.mat using Guid(da0996394339e674e9302191a7038ccc) Importer(815301076,1909f56bfc062723c751e8b465ee728b)  -> (artifact id: '8d6acd5f012853aeee6258e2efcf8fb3') in 0.174473 seconds 
========================================================================
Received Import Request.
  Time since last request: 1.643844 seconds.
  path: Assets/Well/Demo/Textures/Sunny_01B_front.png
  artifactKey: Guid(f8f910b74b973c74dbf8467ed2fca4ea) Importer(815301076,1909f56bfc062723c751e8b465ee728b)
Start importing Assets/Well/Demo/Textures/Sunny_01B_front.png using Guid(f8f910b74b973c74dbf8467ed2fca4ea) Importer(815301076,1909f56bfc062723c751e8b465ee728b)  -> (artifact id: 'a1d40aceb0f52f14daad3c2b70a74bd0') in 0.012152 seconds 
========================================================================
Received Import Request.
  Time since last request: 0.000019 seconds.
  path: Assets/Well/Demo/Textures/Sunny_01B_down.png
  artifactKey: Guid(ee565657e05b114468ffb9ed8d435e06) Importer(815301076,1909f56bfc062723c751e8b465ee728b)
Start importing Assets/Well/Demo/Textures/Sunny_01B_down.png using Guid(ee565657e05b114468ffb9ed8d435e06) Importer(815301076,1909f56bfc062723c751e8b465ee728b)  -> (artifact id: '7acab83242fdd9d95505322c50bdc344') in 0.008700 seconds 
========================================================================
Received Import Request.
  Time since last request: 0.000018 seconds.
  path: Assets/Well/Demo/Textures/Sunny_01B_up.png
  artifactKey: Guid(64500e2c16fd31140b78bf9e8992ae97) Importer(815301076,1909f56bfc062723c751e8b465ee728b)
Start importing Assets/Well/Demo/Textures/Sunny_01B_up.png using Guid(64500e2c16fd31140b78bf9e8992ae97) Importer(815301076,1909f56bfc062723c751e8b465ee728b)  -> (artifact id: 'a233fb6e422625bd3134247870bd98ad') in 0.010077 seconds 
========================================================================
Received Import Request.
  Time since last request: 4.500653 seconds.
  path: Assets/Well/Demo/Models/Pine_tree.FBX
  artifactKey: Guid(f019107a28005f447a688aefb0c8be43) Importer(815301076,1909f56bfc062723c751e8b465ee728b)
Start importing Assets/Well/Demo/Models/Pine_tree.FBX using Guid(f019107a28005f447a688aefb0c8be43) Importer(815301076,1909f56bfc062723c751e8b465ee728b)  -> (artifact id: 'f19b07d149463e856bfcd0f8a3c4dbec') in 0.012781 seconds 
========================================================================
Received Import Request.
  Time since last request: 2.042174 seconds.
  path: Assets/Well/Demo/Prefabs/Pine_tree.prefab
  artifactKey: Guid(3a4cf9e58346bc14ba2f2e11310b3e7d) Importer(815301076,1909f56bfc062723c751e8b465ee728b)
Start importing Assets/Well/Demo/Prefabs/Pine_tree.prefab using Guid(3a4cf9e58346bc14ba2f2e11310b3e7d) Importer(815301076,1909f56bfc062723c751e8b465ee728b)  -> (artifact id: 'b8984fed09e86ce713fa5ce0d34fcd2c') in 0.012695 seconds 
========================================================================
Received Import Request.
  Time since last request: 2.026895 seconds.
  path: Assets/Well/Demo/Textures/Pine_tree_normal.png
  artifactKey: Guid(ad8f4475e527d8e47815f9402c669adf) Importer(815301076,1909f56bfc062723c751e8b465ee728b)
Start importing Assets/Well/Demo/Textures/Pine_tree_normal.png using Guid(ad8f4475e527d8e47815f9402c669adf) Importer(815301076,1909f56bfc062723c751e8b465ee728b)  -> (artifact id: 'f51cdacf91b18b433b44bb098f4be727') in 0.024232 seconds 
========================================================================
Received Import Request.
  Time since last request: 0.000015 seconds.
  path: Assets/Well/Demo/Textures/Pine_tree_texture.png
  artifactKey: Guid(8e79a8fcf9ca5134993cd894cb01b989) Importer(815301076,1909f56bfc062723c751e8b465ee728b)
Start importing Assets/Well/Demo/Textures/Pine_tree_texture.png using Guid(8e79a8fcf9ca5134993cd894cb01b989) Importer(815301076,1909f56bfc062723c751e8b465ee728b)  -> (artifact id: '8379d43b831a851f020a36d5a87bec8c') in 0.018485 seconds 
========================================================================
Received Import Request.
  Time since last request: 0.000020 seconds.
  path: Assets/Well/Demo/Textures/Terrain01_D.tga
  artifactKey: Guid(d4398d92045a77c4a9f0fdf39d6f211c) Importer(815301076,1909f56bfc062723c751e8b465ee728b)
Start importing Assets/Well/Demo/Textures/Terrain01_D.tga using Guid(d4398d92045a77c4a9f0fdf39d6f211c) Importer(815301076,1909f56bfc062723c751e8b465ee728b)  -> (artifact id: 'a6bf3978469b7a57d11bd7b1fd0370ec') in 0.048169 seconds 
========================================================================
Received Import Request.
  Time since last request: 1.960939 seconds.
  path: Assets/Well/Demo/Scenes/SampleScene.unity
  artifactKey: Guid(99c9720ab356a0642a771bea13969a05) Importer(815301076,1909f56bfc062723c751e8b465ee728b)
Start importing Assets/Well/Demo/Scenes/SampleScene.unity using Guid(99c9720ab356a0642a771bea13969a05) Importer(815301076,1909f56bfc062723c751e8b465ee728b)  -> (artifact id: 'c2a1e3b1af28bc46aac0c83caebd3b92') in 0.005216 seconds 
========================================================================
Received Import Request.
  Time since last request: 47.383109 seconds.
  path: Assets/Scenes/SampleScene.unity
  artifactKey: Guid(9fc0d4010bbf28b4594072e72b8655ab) Importer(815301076,1909f56bfc062723c751e8b465ee728b)
Start importing Assets/Scenes/SampleScene.unity using Guid(9fc0d4010bbf28b4594072e72b8655ab) Importer(815301076,1909f56bfc062723c751e8b465ee728b)  -> (artifact id: '2c95c7c57071057430f411891686c05d') in 0.001856 seconds 
========================================================================
Received Import Request.
  Time since last request: 46.919570 seconds.
  path: Assets/GrassFlowers/Textures/GrassFlowers
  artifactKey: Guid(6c0cbfdcc9b9ae64f9ddd77c2003e193) Importer(815301076,1909f56bfc062723c751e8b465ee728b)
Start importing Assets/GrassFlowers/Textures/GrassFlowers using Guid(6c0cbfdcc9b9ae64f9ddd77c2003e193) Importer(815301076,1909f56bfc062723c751e8b465ee728b)  -> (artifact id: 'adf78e62ea3b6a419fe1da6b215c7ed4') in 0.006850 seconds 
========================================================================
Received Import Request.
  Time since last request: 0.124785 seconds.
  path: Assets/GrassFlowers/Textures/GrassFlowers/grass01.tga
  artifactKey: Guid(91a1945982e98be4d9fe3e3d12fdebd8) Importer(815301076,1909f56bfc062723c751e8b465ee728b)
Start importing Assets/GrassFlowers/Textures/GrassFlowers/grass01.tga using Guid(91a1945982e98be4d9fe3e3d12fdebd8) Importer(815301076,1909f56bfc062723c751e8b465ee728b)  -> (artifact id: '152c05b6df85f5b14f9748bbeb9bfc96') in 0.009507 seconds 
========================================================================
Received Import Request.
  Time since last request: 0.000016 seconds.
  path: Assets/GrassFlowers/Textures/GrassFlowers/grassFlower03.tga
  artifactKey: Guid(c6bde8cacfa93444fa98152cb9e36815) Importer(815301076,1909f56bfc062723c751e8b465ee728b)
Start importing Assets/GrassFlowers/Textures/GrassFlowers/grassFlower03.tga using Guid(c6bde8cacfa93444fa98152cb9e36815) Importer(815301076,1909f56bfc062723c751e8b465ee728b)  -> (artifact id: '1972ea5504a4cc72c233cbffe2c74006') in 0.010682 seconds 
========================================================================
Received Import Request.
  Time since last request: 0.000020 seconds.
  path: Assets/GrassFlowers/Textures/GrassFlowers/grassFlower04.tga
  artifactKey: Guid(5c744e80ad52c884c9ac4c9139b3aaae) Importer(815301076,1909f56bfc062723c751e8b465ee728b)
Start importing Assets/GrassFlowers/Textures/GrassFlowers/grassFlower04.tga using Guid(5c744e80ad52c884c9ac4c9139b3aaae) Importer(815301076,1909f56bfc062723c751e8b465ee728b)  -> (artifact id: '2308c5ff7dc88e0d00c3fa0b1672541a') in 0.010102 seconds 
========================================================================
Received Import Request.
  Time since last request: 0.000018 seconds.
  path: Assets/GrassFlowers/Textures/GrassFlowers/grassFlower08.tga
  artifactKey: Guid(8900a35e436818940b97df26c3a8a1aa) Importer(815301076,1909f56bfc062723c751e8b465ee728b)
Start importing Assets/GrassFlowers/Textures/GrassFlowers/grassFlower08.tga using Guid(8900a35e436818940b97df26c3a8a1aa) Importer(815301076,1909f56bfc062723c751e8b465ee728b)  -> (artifact id: 'ca5cc76e9e94af08d7fd3110b54f0ae5') in 0.011896 seconds 
========================================================================
Received Import Request.
  Time since last request: 0.000017 seconds.
  path: Assets/GrassFlowers/Textures/GrassFlowers/grassFlower01.tga
  artifactKey: Guid(5733619f617fd954cac22d3d11fd1b93) Importer(815301076,1909f56bfc062723c751e8b465ee728b)
Start importing Assets/GrassFlowers/Textures/GrassFlowers/grassFlower01.tga using Guid(5733619f617fd954cac22d3d11fd1b93) Importer(815301076,1909f56bfc062723c751e8b465ee728b)  -> (artifact id: '63fdbb268b669b790d547fb7b0852d53') in 0.010587 seconds 
========================================================================
Received Import Request.
  Time since last request: 0.000019 seconds.
  path: Assets/GrassFlowers/Textures/GrassFlowers/grassFlower09.tga
  artifactKey: Guid(d238efbd27bc5ae4ead9839995f74830) Importer(815301076,1909f56bfc062723c751e8b465ee728b)
Start importing Assets/GrassFlowers/Textures/GrassFlowers/grassFlower09.tga using Guid(d238efbd27bc5ae4ead9839995f74830) Importer(815301076,1909f56bfc062723c751e8b465ee728b)  -> (artifact id: '83050eeaf026aced60d0ec704cca1051') in 0.011645 seconds 
========================================================================
Received Import Request.
  Time since last request: 3.955799 seconds.
  path: Assets/GrassFlowers/Textures/Ground/Grass01_BigUV.png
  artifactKey: Guid(38bb15d6b378aff46b461e248592d1da) Importer(815301076,1909f56bfc062723c751e8b465ee728b)
Start importing Assets/GrassFlowers/Textures/Ground/Grass01_BigUV.png using Guid(38bb15d6b378aff46b461e248592d1da) Importer(815301076,1909f56bfc062723c751e8b465ee728b)  -> (artifact id: '37f3dfee1bbbf790e5080fb1ddfed918') in 0.031044 seconds 
========================================================================
Received Import Request.
  Time since last request: 6.277427 seconds.
  path: Assets/GrassFlowers/Demo/DemoGrassFlowers.unity
  artifactKey: Guid(679e28dd92e786342b7944447228f70c) Importer(815301076,1909f56bfc062723c751e8b465ee728b)
Start importing Assets/GrassFlowers/Demo/DemoGrassFlowers.unity using Guid(679e28dd92e786342b7944447228f70c) Importer(815301076,1909f56bfc062723c751e8b465ee728b)  -> (artifact id: 'af3d0928ca2b35f86d3726fe307a371c') in 0.004652 seconds 
========================================================================
Received Import Request.
  Time since last request: 0.989332 seconds.
  path: Assets/GrassFlowers/Demo/DemoGrassFlowers
  artifactKey: Guid(fdec4a75f73522f4eb2f9d540a9aeb5e) Importer(815301076,1909f56bfc062723c751e8b465ee728b)
Start importing Assets/GrassFlowers/Demo/DemoGrassFlowers using Guid(fdec4a75f73522f4eb2f9d540a9aeb5e) Importer(815301076,1909f56bfc062723c751e8b465ee728b)  -> (artifact id: '69a741d36e65829e37d8b3260a5fe6f7') in 0.005905 seconds 
========================================================================
Received Import Request.
  Time since last request: 33.386485 seconds.
  path: Assets/GrassFlowers/Demo/DemoGrassFlowers/LightingData.asset
  artifactKey: Guid(5490dd165db8d15458e920b5c398e991) Importer(815301076,1909f56bfc062723c751e8b465ee728b)
Start importing Assets/GrassFlowers/Demo/DemoGrassFlowers/LightingData.asset using Guid(5490dd165db8d15458e920b5c398e991) Importer(815301076,1909f56bfc062723c751e8b465ee728b)  -> (artifact id: '5c22c9a580a8f0602a561930f8869fb8') in 0.005698 seconds 
========================================================================
Received Import Request.
  Time since last request: 5.783857 seconds.
  path: Assets/GrassFlowers/Demo
  artifactKey: Guid(90a98d1ca0ff3f34b817aee6ee27e766) Importer(815301076,1909f56bfc062723c751e8b465ee728b)
Start importing Assets/GrassFlowers/Demo using Guid(90a98d1ca0ff3f34b817aee6ee27e766) Importer(815301076,1909f56bfc062723c751e8b465ee728b)  -> (artifact id: '578b7c538af08222a93f0cd9aa5e93c8') in 0.005150 seconds 
========================================================================
Received Import Request.
  Time since last request: 1.530450 seconds.
  path: Assets/GrassFlowers/Textures
  artifactKey: Guid(46c1725cb7280074493bd8d9d2ab7468) Importer(815301076,1909f56bfc062723c751e8b465ee728b)
Start importing Assets/GrassFlowers/Textures using Guid(46c1725cb7280074493bd8d9d2ab7468) Importer(815301076,1909f56bfc062723c751e8b465ee728b)  -> (artifact id: 'e6733954288ac0aba7e0b670a53b3688') in 0.005509 seconds 
========================================================================
Received Import Request.
  Time since last request: 79.061284 seconds.
  path: Assets/Scenes/SampleScene.unity
  artifactKey: Guid(9fc0d4010bbf28b4594072e72b8655ab) Importer(815301076,1909f56bfc062723c751e8b465ee728b)
Start importing Assets/Scenes/SampleScene.unity using Guid(9fc0d4010bbf28b4594072e72b8655ab) Importer(815301076,1909f56bfc062723c751e8b465ee728b)  -> (artifact id: '5f690aa493292e783db4ddc3fb8b9143') in 0.002187 seconds 
========================================================================
Received Prepare
Registering precompiled user dll's ...
Registered in 0.005418 seconds.
Begin MonoManager ReloadAssembly
Symbol file LoadedFromMemory doesn't match image C:\Users\Zouzh\Desktop\2023-BrisHack\2023-BrisHack\BrisHack\Library\PackageCache\com.unity.visualscripting@1.8.0\Editor\VisualScripting.Core\Dependencies\YamlDotNet\Unity.VisualScripting.YamlDotNet.dll
Symbol file LoadedFromMemory doesn't match image C:\Users\Zouzh\Desktop\2023-BrisHack\2023-BrisHack\BrisHack\Library\PackageCache\com.unity.visualscripting@1.8.0\Editor\VisualScripting.Core\Dependencies\DotNetZip\Unity.VisualScripting.IonicZip.dll
Native extension for WindowsStandalone target not found
Native extension for Android target not found
Refreshing native plugins compatible for Editor in 0.45 ms, found 3 plugins.
Preloading 0 native plugins for Editor in 0.00 ms.
Mono: successfully reloaded assembly
- Completed reload, in  0.860 seconds
Domain Reload Profiling:
	ReloadAssembly (861ms)
		BeginReloadAssembly (116ms)
			ExecutionOrderSort (0ms)
			DisableScriptedObjects (4ms)
			BackupInstance (0ms)
			ReleaseScriptingObjects (0ms)
			CreateAndSetChildDomain (31ms)
		EndReloadAssembly (658ms)
			LoadAssemblies (67ms)
			RebuildTransferFunctionScriptingTraits (0ms)
			SetupTypeCache (239ms)
			ReleaseScriptCaches (1ms)
			RebuildScriptCaches (33ms)
			SetupLoadedEditorAssemblies (267ms)
				LogAssemblyErrors (0ms)
				InitializePlatformSupportModulesInManaged (20ms)
				SetLoadedEditorAssemblies (0ms)
				RefreshPlugins (1ms)
				BeforeProcessingInitializeOnLoad (61ms)
				ProcessInitializeOnLoadAttributes (161ms)
				ProcessInitializeOnLoadMethodAttributes (16ms)
				AfterProcessingInitializeOnLoad (9ms)
				EditorAssembliesLoaded (0ms)
			ExecutionOrderSort2 (0ms)
			AwakeInstancesAfterBackupRestoration (5ms)
Platform modules already initialized, skipping
Refreshing native plugins compatible for Editor in 1.77 ms, found 3 plugins.
Preloading 0 native plugins for Editor in 0.00 ms.
Unloading 3042 Unused Serialized files (Serialized files now loaded: 0)
Unloading 17 unused Assets / (80.4 KB). Loaded Objects now: 3576.
Memory consumption went from 118.9 MB to 118.8 MB.
Total: 2.463000 ms (FindLiveObjects: 0.251400 ms CreateObjectMapping: 0.136800 ms MarkObjects: 1.994000 ms  DeleteObjects: 0.079700 ms)

AssetImportParameters requested are different than current active one (requested -> active):
  custom:video-decoder-ogg-theora: a1e56fd34408186e4bbccfd4996cb3dc -> 
  custom:container-muxer-webm: aa71ff27fc2769a1b78a27578f13a17b -> 
  custom:container-demuxer-webm: 4f35f7cbe854078d1ac9338744f61a02 -> 
  custom:video-encoder-webm-vp8: eb34c28f22e8b96e1ab97ce403110664 -> 
  custom:video-codec-MediaFoundation-h265: 746d11721c4dcdbdad8f713fa42b33f4 -> 
  custom:audio-encoder-webm-vorbis: bf7c407c2cedff20999df2af8eb42d56 -> 
  custom:framework-win-MediaFoundation: 216162199b28c13a410421893ffa2e32 -> 
  custom:container-demuxer-ogg: 62fdf1f143b41e24485cea50d1cbac27 -> 
  custom:video-decoder-webm-vp8: 9c59270c3fd7afecdb556c50c9e8de78 -> 
  custom:audio-decoder-ogg-vorbis: bf7c407c2cedff20999df2af8eb42d56 -> 
